2022-10-06 00:46:26,240 - INFO - Beginning execution of phydms_comprehensive in directory /home/jupyter/dms/hmbs_phydms_final

2022-10-06 00:46:26,240 - INFO - Progress is being logged to ./phydms_results//UBE2I/UBE2I_identity-ge-0.85.log

2022-10-06 00:46:26,240 - INFO - Version information:
	Time and date: Thu Oct  6 00:46:25 2022
	Platform: Linux-4.19.0-22-cloud-amd64-x86_64-with-debian-10.13
	Python version: 3.7.12 | packaged by conda-forge | (default, Oct 26 2021, 06:08:53)  [GCC 9.4.0]
	phydms version: 2.4.1
	Bio version: 1.79
	cython version: 0.29.32
	numpy version: 1.21.6
	scipy version: 1.7.3
	matplotlib version: 3.5.3
	natsort version: 8.2.0
	sympy version: 1.10.1
	six version: 1.16.0
	pandas version: 1.3.5
	pyvolve version: 1.1.0
	statsmodels version: 0.13.2
	weblogolib version: 3.5.0
	PyPDF2 version: 2.11.0

2022-10-06 00:46:26,240 - INFO - Parsed the following command-line arguments:
	outprefix = ./phydms_results//UBE2I/UBE2I_identity-ge-0.85_
	alignment = ./alignments/UBE2I_alignment_protidentity_ge_0.85.fasta
	prefsfiles = ['./prefs/UBE2I_penalize-scores-gt1_new_prefs.csv', './prefs/UBE2I_untransformed_new_prefs.csv', './prefs/UBE2I_max-scores-at-1_new_prefs.csv']
	raxml = /home/jupyter/install/standard-RAxML-master/raxmlHPC
	tree = None
	ncpus = -1
	brlen = optimize
	omegabysite = False
	diffprefsbysite = False
	gammaomega = False
	gammabeta = False
	noavgprefs = False
	randprefs = True

2022-10-06 00:46:26,240 - INFO - Checking that the alignment ./alignments/UBE2I_alignment_protidentity_ge_0.85.fasta is valid...
2022-10-06 00:46:26,392 - INFO - Valid alignment specifying 46 sequences of length 471.

2022-10-06 00:46:26,392 - INFO - Tree not specified.
2022-10-06 00:46:26,393 - INFO - Inferring tree with RAxML using command /home/jupyter/install/standard-RAxML-master/raxmlHPC
2022-10-06 00:46:36,682 - INFO - RAxML inferred tree is now named ./phydms_results//UBE2I/UBE2I_identity-ge-0.85_RAxML_tree.newick
2022-10-06 00:46:36,686 - INFO - Removed the following existing files that have names that match the names of output files that will be created: ./phydms_results//UBE2I/UBE2I_identity-ge-0.85_modelcomparison.md, ./phydms_results//UBE2I/UBE2I_identity-ge-0.85_YNGKP_M0_log.log, ./phydms_results//UBE2I/UBE2I_identity-ge-0.85_YNGKP_M0_tree.newick, ./phydms_results//UBE2I/UBE2I_identity-ge-0.85_YNGKP_M0_loglikelihood.txt, ./phydms_results//UBE2I/UBE2I_identity-ge-0.85_YNGKP_M0_modelparams.txt, ./phydms_results//UBE2I/UBE2I_identity-ge-0.85_YNGKP_M5_log.log, ./phydms_results//UBE2I/UBE2I_identity-ge-0.85_YNGKP_M5_tree.newick, ./phydms_results//UBE2I/UBE2I_identity-ge-0.85_YNGKP_M5_loglikelihood.txt, ./phydms_results//UBE2I/UBE2I_identity-ge-0.85_YNGKP_M5_modelparams.txt, ./phydms_results//UBE2I/UBE2I_identity-ge-0.85_ExpCM_UBE2I_penalize-scores-gt1_new_prefs_log.log, ./phydms_results//UBE2I/UBE2I_identity-ge-0.85_ExpCM_UBE2I_penalize-scores-gt1_new_prefs_tree.newick, ./phydms_results//UBE2I/UBE2I_identity-ge-0.85_ExpCM_UBE2I_penalize-scores-gt1_new_prefs_loglikelihood.txt, ./phydms_results//UBE2I/UBE2I_identity-ge-0.85_ExpCM_UBE2I_penalize-scores-gt1_new_prefs_modelparams.txt, ./phydms_results//UBE2I/UBE2I_identity-ge-0.85_averaged_ExpCM_UBE2I_penalize-scores-gt1_new_prefs_log.log, ./phydms_results//UBE2I/UBE2I_identity-ge-0.85_averaged_ExpCM_UBE2I_penalize-scores-gt1_new_prefs_tree.newick, ./phydms_results//UBE2I/UBE2I_identity-ge-0.85_averaged_ExpCM_UBE2I_penalize-scores-gt1_new_prefs_loglikelihood.txt, ./phydms_results//UBE2I/UBE2I_identity-ge-0.85_averaged_ExpCM_UBE2I_penalize-scores-gt1_new_prefs_modelparams.txt, ./phydms_results//UBE2I/UBE2I_identity-ge-0.85_randomized_ExpCM_UBE2I_penalize-scores-gt1_new_prefs_log.log, ./phydms_results//UBE2I/UBE2I_identity-ge-0.85_randomized_ExpCM_UBE2I_penalize-scores-gt1_new_prefs_tree.newick, ./phydms_results//UBE2I/UBE2I_identity-ge-0.85_randomized_ExpCM_UBE2I_penalize-scores-gt1_new_prefs_loglikelihood.txt, ./phydms_results//UBE2I/UBE2I_identity-ge-0.85_randomized_ExpCM_UBE2I_penalize-scores-gt1_new_prefs_modelparams.txt, ./phydms_results//UBE2I/UBE2I_identity-ge-0.85_ExpCM_UBE2I_untransformed_new_prefs_log.log, ./phydms_results//UBE2I/UBE2I_identity-ge-0.85_ExpCM_UBE2I_untransformed_new_prefs_tree.newick, ./phydms_results//UBE2I/UBE2I_identity-ge-0.85_ExpCM_UBE2I_untransformed_new_prefs_loglikelihood.txt, ./phydms_results//UBE2I/UBE2I_identity-ge-0.85_ExpCM_UBE2I_untransformed_new_prefs_modelparams.txt, ./phydms_results//UBE2I/UBE2I_identity-ge-0.85_averaged_ExpCM_UBE2I_untransformed_new_prefs_log.log, ./phydms_results//UBE2I/UBE2I_identity-ge-0.85_averaged_ExpCM_UBE2I_untransformed_new_prefs_tree.newick, ./phydms_results//UBE2I/UBE2I_identity-ge-0.85_averaged_ExpCM_UBE2I_untransformed_new_prefs_loglikelihood.txt, ./phydms_results//UBE2I/UBE2I_identity-ge-0.85_averaged_ExpCM_UBE2I_untransformed_new_prefs_modelparams.txt, ./phydms_results//UBE2I/UBE2I_identity-ge-0.85_randomized_ExpCM_UBE2I_untransformed_new_prefs_log.log, ./phydms_results//UBE2I/UBE2I_identity-ge-0.85_randomized_ExpCM_UBE2I_untransformed_new_prefs_tree.newick, ./phydms_results//UBE2I/UBE2I_identity-ge-0.85_randomized_ExpCM_UBE2I_untransformed_new_prefs_loglikelihood.txt, ./phydms_results//UBE2I/UBE2I_identity-ge-0.85_randomized_ExpCM_UBE2I_untransformed_new_prefs_modelparams.txt, ./phydms_results//UBE2I/UBE2I_identity-ge-0.85_ExpCM_UBE2I_max-scores-at-1_new_prefs_log.log, ./phydms_results//UBE2I/UBE2I_identity-ge-0.85_ExpCM_UBE2I_max-scores-at-1_new_prefs_tree.newick, ./phydms_results//UBE2I/UBE2I_identity-ge-0.85_ExpCM_UBE2I_max-scores-at-1_new_prefs_loglikelihood.txt, ./phydms_results//UBE2I/UBE2I_identity-ge-0.85_ExpCM_UBE2I_max-scores-at-1_new_prefs_modelparams.txt, ./phydms_results//UBE2I/UBE2I_identity-ge-0.85_averaged_ExpCM_UBE2I_max-scores-at-1_new_prefs_log.log, ./phydms_results//UBE2I/UBE2I_identity-ge-0.85_averaged_ExpCM_UBE2I_max-scores-at-1_new_prefs_tree.newick, ./phydms_results//UBE2I/UBE2I_identity-ge-0.85_averaged_ExpCM_UBE2I_max-scores-at-1_new_prefs_loglikelihood.txt, ./phydms_results//UBE2I/UBE2I_identity-ge-0.85_averaged_ExpCM_UBE2I_max-scores-at-1_new_prefs_modelparams.txt, ./phydms_results//UBE2I/UBE2I_identity-ge-0.85_randomized_ExpCM_UBE2I_max-scores-at-1_new_prefs_log.log, ./phydms_results//UBE2I/UBE2I_identity-ge-0.85_randomized_ExpCM_UBE2I_max-scores-at-1_new_prefs_tree.newick, ./phydms_results//UBE2I/UBE2I_identity-ge-0.85_randomized_ExpCM_UBE2I_max-scores-at-1_new_prefs_loglikelihood.txt, ./phydms_results//UBE2I/UBE2I_identity-ge-0.85_randomized_ExpCM_UBE2I_max-scores-at-1_new_prefs_modelparams.txt

2022-10-06 00:46:36,686 - INFO - Starting analysis to optimize tree in ./phydms_results//UBE2I/UBE2I_identity-ge-0.85_RAxML_tree.newick using model YNGKP_M0. The command is: phydms ./alignments/UBE2I_alignment_protidentity_ge_0.85.fasta ./phydms_results//UBE2I/UBE2I_identity-ge-0.85_RAxML_tree.newick YNGKP_M0 ./phydms_results//UBE2I/UBE2I_identity-ge-0.85_YNGKP_M0 --brlen optimize --ncpus 1

2022-10-06 00:46:36,686 - INFO - Starting analysis to optimize tree in ./phydms_results//UBE2I/UBE2I_identity-ge-0.85_RAxML_tree.newick using model YNGKP_M5. The command is: phydms ./alignments/UBE2I_alignment_protidentity_ge_0.85.fasta ./phydms_results//UBE2I/UBE2I_identity-ge-0.85_RAxML_tree.newick YNGKP_M5 ./phydms_results//UBE2I/UBE2I_identity-ge-0.85_YNGKP_M5 --brlen optimize --ncpus 1

2022-10-06 00:46:36,686 - INFO - Starting analysis to optimize tree in ./phydms_results//UBE2I/UBE2I_identity-ge-0.85_RAxML_tree.newick using model ExpCM_UBE2I_penalize-scores-gt1_new_prefs. The command is: phydms ./alignments/UBE2I_alignment_protidentity_ge_0.85.fasta ./phydms_results//UBE2I/UBE2I_identity-ge-0.85_RAxML_tree.newick ExpCM_./prefs/UBE2I_penalize-scores-gt1_new_prefs.csv ./phydms_results//UBE2I/UBE2I_identity-ge-0.85_ExpCM_UBE2I_penalize-scores-gt1_new_prefs --brlen optimize --ncpus 1

2022-10-06 00:46:36,686 - INFO - Starting analysis to optimize tree in ./phydms_results//UBE2I/UBE2I_identity-ge-0.85_RAxML_tree.newick using model averaged_ExpCM_UBE2I_penalize-scores-gt1_new_prefs. The command is: phydms ./alignments/UBE2I_alignment_protidentity_ge_0.85.fasta ./phydms_results//UBE2I/UBE2I_identity-ge-0.85_RAxML_tree.newick ExpCM_./prefs/UBE2I_penalize-scores-gt1_new_prefs.csv ./phydms_results//UBE2I/UBE2I_identity-ge-0.85_averaged_ExpCM_UBE2I_penalize-scores-gt1_new_prefs --brlen optimize --avgprefs --ncpus 1

2022-10-06 00:46:36,686 - INFO - Starting analysis to optimize tree in ./phydms_results//UBE2I/UBE2I_identity-ge-0.85_RAxML_tree.newick using model randomized_ExpCM_UBE2I_penalize-scores-gt1_new_prefs. The command is: phydms ./alignments/UBE2I_alignment_protidentity_ge_0.85.fasta ./phydms_results//UBE2I/UBE2I_identity-ge-0.85_RAxML_tree.newick ExpCM_./prefs/UBE2I_penalize-scores-gt1_new_prefs.csv ./phydms_results//UBE2I/UBE2I_identity-ge-0.85_randomized_ExpCM_UBE2I_penalize-scores-gt1_new_prefs --brlen optimize --randprefs --ncpus 1

2022-10-06 00:46:36,687 - INFO - Starting analysis to optimize tree in ./phydms_results//UBE2I/UBE2I_identity-ge-0.85_RAxML_tree.newick using model ExpCM_UBE2I_untransformed_new_prefs. The command is: phydms ./alignments/UBE2I_alignment_protidentity_ge_0.85.fasta ./phydms_results//UBE2I/UBE2I_identity-ge-0.85_RAxML_tree.newick ExpCM_./prefs/UBE2I_untransformed_new_prefs.csv ./phydms_results//UBE2I/UBE2I_identity-ge-0.85_ExpCM_UBE2I_untransformed_new_prefs --brlen optimize --ncpus 1

2022-10-06 00:46:36,687 - INFO - Starting analysis to optimize tree in ./phydms_results//UBE2I/UBE2I_identity-ge-0.85_RAxML_tree.newick using model averaged_ExpCM_UBE2I_untransformed_new_prefs. The command is: phydms ./alignments/UBE2I_alignment_protidentity_ge_0.85.fasta ./phydms_results//UBE2I/UBE2I_identity-ge-0.85_RAxML_tree.newick ExpCM_./prefs/UBE2I_untransformed_new_prefs.csv ./phydms_results//UBE2I/UBE2I_identity-ge-0.85_averaged_ExpCM_UBE2I_untransformed_new_prefs --brlen optimize --avgprefs --ncpus 1

2022-10-06 00:46:36,687 - INFO - Starting analysis to optimize tree in ./phydms_results//UBE2I/UBE2I_identity-ge-0.85_RAxML_tree.newick using model randomized_ExpCM_UBE2I_untransformed_new_prefs. The command is: phydms ./alignments/UBE2I_alignment_protidentity_ge_0.85.fasta ./phydms_results//UBE2I/UBE2I_identity-ge-0.85_RAxML_tree.newick ExpCM_./prefs/UBE2I_untransformed_new_prefs.csv ./phydms_results//UBE2I/UBE2I_identity-ge-0.85_randomized_ExpCM_UBE2I_untransformed_new_prefs --brlen optimize --randprefs --ncpus 1

2022-10-06 00:46:36,687 - INFO - Starting analysis to optimize tree in ./phydms_results//UBE2I/UBE2I_identity-ge-0.85_RAxML_tree.newick using model ExpCM_UBE2I_max-scores-at-1_new_prefs. The command is: phydms ./alignments/UBE2I_alignment_protidentity_ge_0.85.fasta ./phydms_results//UBE2I/UBE2I_identity-ge-0.85_RAxML_tree.newick ExpCM_./prefs/UBE2I_max-scores-at-1_new_prefs.csv ./phydms_results//UBE2I/UBE2I_identity-ge-0.85_ExpCM_UBE2I_max-scores-at-1_new_prefs --brlen optimize --ncpus 1

2022-10-06 00:46:36,687 - INFO - Starting analysis to optimize tree in ./phydms_results//UBE2I/UBE2I_identity-ge-0.85_RAxML_tree.newick using model averaged_ExpCM_UBE2I_max-scores-at-1_new_prefs. The command is: phydms ./alignments/UBE2I_alignment_protidentity_ge_0.85.fasta ./phydms_results//UBE2I/UBE2I_identity-ge-0.85_RAxML_tree.newick ExpCM_./prefs/UBE2I_max-scores-at-1_new_prefs.csv ./phydms_results//UBE2I/UBE2I_identity-ge-0.85_averaged_ExpCM_UBE2I_max-scores-at-1_new_prefs --brlen optimize --avgprefs --ncpus 1

2022-10-06 00:46:36,687 - INFO - Starting analysis to optimize tree in ./phydms_results//UBE2I/UBE2I_identity-ge-0.85_RAxML_tree.newick using model randomized_ExpCM_UBE2I_max-scores-at-1_new_prefs. The command is: phydms ./alignments/UBE2I_alignment_protidentity_ge_0.85.fasta ./phydms_results//UBE2I/UBE2I_identity-ge-0.85_RAxML_tree.newick ExpCM_./prefs/UBE2I_max-scores-at-1_new_prefs.csv ./phydms_results//UBE2I/UBE2I_identity-ge-0.85_randomized_ExpCM_UBE2I_max-scores-at-1_new_prefs --brlen optimize --randprefs --ncpus 1

2022-10-06 00:48:51,882 - INFO - Analysis completed for YNGKP_M0
2022-10-06 00:48:51,883 - INFO - Found expected output file ./phydms_results//UBE2I/UBE2I_identity-ge-0.85_YNGKP_M0_log.log
2022-10-06 00:48:51,883 - INFO - Found expected output file ./phydms_results//UBE2I/UBE2I_identity-ge-0.85_YNGKP_M0_tree.newick
2022-10-06 00:48:51,883 - INFO - Found expected output file ./phydms_results//UBE2I/UBE2I_identity-ge-0.85_YNGKP_M0_loglikelihood.txt
2022-10-06 00:48:51,883 - INFO - Found expected output file ./phydms_results//UBE2I/UBE2I_identity-ge-0.85_YNGKP_M0_modelparams.txt
2022-10-06 00:48:51,883 - INFO - Analysis successful for YNGKP_M0

2022-10-06 00:55:31,292 - INFO - Analysis completed for ExpCM_UBE2I_penalize-scores-gt1_new_prefs
2022-10-06 00:55:31,296 - INFO - Found expected output file ./phydms_results//UBE2I/UBE2I_identity-ge-0.85_ExpCM_UBE2I_penalize-scores-gt1_new_prefs_log.log
2022-10-06 00:55:31,296 - INFO - Found expected output file ./phydms_results//UBE2I/UBE2I_identity-ge-0.85_ExpCM_UBE2I_penalize-scores-gt1_new_prefs_tree.newick
2022-10-06 00:55:31,296 - INFO - Found expected output file ./phydms_results//UBE2I/UBE2I_identity-ge-0.85_ExpCM_UBE2I_penalize-scores-gt1_new_prefs_loglikelihood.txt
2022-10-06 00:55:31,296 - INFO - Found expected output file ./phydms_results//UBE2I/UBE2I_identity-ge-0.85_ExpCM_UBE2I_penalize-scores-gt1_new_prefs_modelparams.txt
2022-10-06 00:55:31,296 - INFO - Analysis successful for ExpCM_UBE2I_penalize-scores-gt1_new_prefs

2022-10-06 00:55:42,315 - INFO - Analysis completed for ExpCM_UBE2I_untransformed_new_prefs
2022-10-06 00:55:42,316 - INFO - Found expected output file ./phydms_results//UBE2I/UBE2I_identity-ge-0.85_ExpCM_UBE2I_untransformed_new_prefs_log.log
2022-10-06 00:55:42,316 - INFO - Found expected output file ./phydms_results//UBE2I/UBE2I_identity-ge-0.85_ExpCM_UBE2I_untransformed_new_prefs_tree.newick
2022-10-06 00:55:42,317 - INFO - Found expected output file ./phydms_results//UBE2I/UBE2I_identity-ge-0.85_ExpCM_UBE2I_untransformed_new_prefs_loglikelihood.txt
2022-10-06 00:55:42,317 - INFO - Found expected output file ./phydms_results//UBE2I/UBE2I_identity-ge-0.85_ExpCM_UBE2I_untransformed_new_prefs_modelparams.txt
2022-10-06 00:55:42,317 - INFO - Analysis successful for ExpCM_UBE2I_untransformed_new_prefs

2022-10-06 00:56:07,350 - INFO - Analysis completed for averaged_ExpCM_UBE2I_penalize-scores-gt1_new_prefs
2022-10-06 00:56:07,351 - INFO - Found expected output file ./phydms_results//UBE2I/UBE2I_identity-ge-0.85_averaged_ExpCM_UBE2I_penalize-scores-gt1_new_prefs_log.log
2022-10-06 00:56:07,351 - INFO - Found expected output file ./phydms_results//UBE2I/UBE2I_identity-ge-0.85_averaged_ExpCM_UBE2I_penalize-scores-gt1_new_prefs_tree.newick
2022-10-06 00:56:07,351 - INFO - Found expected output file ./phydms_results//UBE2I/UBE2I_identity-ge-0.85_averaged_ExpCM_UBE2I_penalize-scores-gt1_new_prefs_loglikelihood.txt
2022-10-06 00:56:07,351 - INFO - Found expected output file ./phydms_results//UBE2I/UBE2I_identity-ge-0.85_averaged_ExpCM_UBE2I_penalize-scores-gt1_new_prefs_modelparams.txt
2022-10-06 00:56:07,352 - INFO - Analysis successful for averaged_ExpCM_UBE2I_penalize-scores-gt1_new_prefs

2022-10-06 00:56:34,380 - INFO - Analysis completed for averaged_ExpCM_UBE2I_untransformed_new_prefs
2022-10-06 00:56:34,381 - INFO - Found expected output file ./phydms_results//UBE2I/UBE2I_identity-ge-0.85_averaged_ExpCM_UBE2I_untransformed_new_prefs_log.log
2022-10-06 00:56:34,381 - INFO - Found expected output file ./phydms_results//UBE2I/UBE2I_identity-ge-0.85_averaged_ExpCM_UBE2I_untransformed_new_prefs_tree.newick
2022-10-06 00:56:34,381 - INFO - Found expected output file ./phydms_results//UBE2I/UBE2I_identity-ge-0.85_averaged_ExpCM_UBE2I_untransformed_new_prefs_loglikelihood.txt
2022-10-06 00:56:34,381 - INFO - Found expected output file ./phydms_results//UBE2I/UBE2I_identity-ge-0.85_averaged_ExpCM_UBE2I_untransformed_new_prefs_modelparams.txt
2022-10-06 00:56:34,381 - INFO - Analysis successful for averaged_ExpCM_UBE2I_untransformed_new_prefs

2022-10-06 00:56:35,382 - INFO - Analysis completed for randomized_ExpCM_UBE2I_untransformed_new_prefs
2022-10-06 00:56:35,383 - INFO - Found expected output file ./phydms_results//UBE2I/UBE2I_identity-ge-0.85_randomized_ExpCM_UBE2I_untransformed_new_prefs_log.log
2022-10-06 00:56:35,383 - INFO - Found expected output file ./phydms_results//UBE2I/UBE2I_identity-ge-0.85_randomized_ExpCM_UBE2I_untransformed_new_prefs_tree.newick
2022-10-06 00:56:35,383 - INFO - Found expected output file ./phydms_results//UBE2I/UBE2I_identity-ge-0.85_randomized_ExpCM_UBE2I_untransformed_new_prefs_loglikelihood.txt
2022-10-06 00:56:35,383 - INFO - Found expected output file ./phydms_results//UBE2I/UBE2I_identity-ge-0.85_randomized_ExpCM_UBE2I_untransformed_new_prefs_modelparams.txt
2022-10-06 00:56:35,383 - INFO - Analysis successful for randomized_ExpCM_UBE2I_untransformed_new_prefs

2022-10-06 00:56:45,394 - INFO - Analysis completed for YNGKP_M5
2022-10-06 00:56:45,394 - INFO - Found expected output file ./phydms_results//UBE2I/UBE2I_identity-ge-0.85_YNGKP_M5_log.log
2022-10-06 00:56:45,395 - INFO - Found expected output file ./phydms_results//UBE2I/UBE2I_identity-ge-0.85_YNGKP_M5_tree.newick
2022-10-06 00:56:45,395 - INFO - Found expected output file ./phydms_results//UBE2I/UBE2I_identity-ge-0.85_YNGKP_M5_loglikelihood.txt
2022-10-06 00:56:45,395 - INFO - Found expected output file ./phydms_results//UBE2I/UBE2I_identity-ge-0.85_YNGKP_M5_modelparams.txt
2022-10-06 00:56:45,395 - INFO - Analysis successful for YNGKP_M5

2022-10-06 00:56:46,396 - INFO - Analysis completed for randomized_ExpCM_UBE2I_penalize-scores-gt1_new_prefs
2022-10-06 00:56:46,396 - INFO - Found expected output file ./phydms_results//UBE2I/UBE2I_identity-ge-0.85_randomized_ExpCM_UBE2I_penalize-scores-gt1_new_prefs_log.log
2022-10-06 00:56:46,397 - INFO - Found expected output file ./phydms_results//UBE2I/UBE2I_identity-ge-0.85_randomized_ExpCM_UBE2I_penalize-scores-gt1_new_prefs_tree.newick
2022-10-06 00:56:46,397 - INFO - Found expected output file ./phydms_results//UBE2I/UBE2I_identity-ge-0.85_randomized_ExpCM_UBE2I_penalize-scores-gt1_new_prefs_loglikelihood.txt
2022-10-06 00:56:46,397 - INFO - Found expected output file ./phydms_results//UBE2I/UBE2I_identity-ge-0.85_randomized_ExpCM_UBE2I_penalize-scores-gt1_new_prefs_modelparams.txt
2022-10-06 00:56:46,397 - INFO - Analysis successful for randomized_ExpCM_UBE2I_penalize-scores-gt1_new_prefs

2022-10-06 00:57:42,462 - INFO - Analysis completed for ExpCM_UBE2I_max-scores-at-1_new_prefs
2022-10-06 00:57:42,462 - INFO - Found expected output file ./phydms_results//UBE2I/UBE2I_identity-ge-0.85_ExpCM_UBE2I_max-scores-at-1_new_prefs_log.log
2022-10-06 00:57:42,462 - INFO - Found expected output file ./phydms_results//UBE2I/UBE2I_identity-ge-0.85_ExpCM_UBE2I_max-scores-at-1_new_prefs_tree.newick
2022-10-06 00:57:42,462 - INFO - Found expected output file ./phydms_results//UBE2I/UBE2I_identity-ge-0.85_ExpCM_UBE2I_max-scores-at-1_new_prefs_loglikelihood.txt
2022-10-06 00:57:42,463 - INFO - Found expected output file ./phydms_results//UBE2I/UBE2I_identity-ge-0.85_ExpCM_UBE2I_max-scores-at-1_new_prefs_modelparams.txt
2022-10-06 00:57:42,463 - INFO - Analysis successful for ExpCM_UBE2I_max-scores-at-1_new_prefs

2022-10-06 01:00:10,629 - INFO - Analysis completed for averaged_ExpCM_UBE2I_max-scores-at-1_new_prefs
2022-10-06 01:00:10,629 - INFO - Found expected output file ./phydms_results//UBE2I/UBE2I_identity-ge-0.85_averaged_ExpCM_UBE2I_max-scores-at-1_new_prefs_log.log
2022-10-06 01:00:10,629 - INFO - Found expected output file ./phydms_results//UBE2I/UBE2I_identity-ge-0.85_averaged_ExpCM_UBE2I_max-scores-at-1_new_prefs_tree.newick
2022-10-06 01:00:10,629 - INFO - Found expected output file ./phydms_results//UBE2I/UBE2I_identity-ge-0.85_averaged_ExpCM_UBE2I_max-scores-at-1_new_prefs_loglikelihood.txt
2022-10-06 01:00:10,629 - INFO - Found expected output file ./phydms_results//UBE2I/UBE2I_identity-ge-0.85_averaged_ExpCM_UBE2I_max-scores-at-1_new_prefs_modelparams.txt
2022-10-06 01:00:10,629 - INFO - Analysis successful for averaged_ExpCM_UBE2I_max-scores-at-1_new_prefs

2022-10-06 01:00:35,657 - INFO - Analysis completed for randomized_ExpCM_UBE2I_max-scores-at-1_new_prefs
2022-10-06 01:00:35,657 - INFO - Found expected output file ./phydms_results//UBE2I/UBE2I_identity-ge-0.85_randomized_ExpCM_UBE2I_max-scores-at-1_new_prefs_log.log
2022-10-06 01:00:35,657 - INFO - Found expected output file ./phydms_results//UBE2I/UBE2I_identity-ge-0.85_randomized_ExpCM_UBE2I_max-scores-at-1_new_prefs_tree.newick
2022-10-06 01:00:35,657 - INFO - Found expected output file ./phydms_results//UBE2I/UBE2I_identity-ge-0.85_randomized_ExpCM_UBE2I_max-scores-at-1_new_prefs_loglikelihood.txt
2022-10-06 01:00:35,657 - INFO - Found expected output file ./phydms_results//UBE2I/UBE2I_identity-ge-0.85_randomized_ExpCM_UBE2I_max-scores-at-1_new_prefs_modelparams.txt
2022-10-06 01:00:35,657 - INFO - Analysis successful for randomized_ExpCM_UBE2I_max-scores-at-1_new_prefs

2022-10-06 01:00:36,660 - INFO - Successful completion of phydms_comprehensive
