2022-10-05 23:45:20,238 - INFO - Beginning execution of phydms in directory /home/jupyter/dms/hmbs_phydms_final

2022-10-05 23:45:20,239 - INFO - Progress is being logged to ./phydms_results//HMBS/HMBS_identity-ge-0.75_YNGKP_M5_log.log

2022-10-05 23:45:20,239 - INFO - Version information:
	Time and date: Wed Oct  5 23:45:19 2022
	Platform: Linux-4.19.0-22-cloud-amd64-x86_64-with-debian-10.13
	Python version: 3.7.12 | packaged by conda-forge | (default, Oct 26 2021, 06:08:53)  [GCC 9.4.0]
	phydms version: 2.4.1
	Bio version: 1.79
	cython version: 0.29.32
	numpy version: 1.21.6
	scipy version: 1.7.3
	matplotlib version: 3.5.3
	natsort version: 8.2.0
	sympy version: 1.10.1
	six version: 1.16.0
	pandas version: 1.3.5
	pyvolve version: 1.1.0
	statsmodels version: 0.13.2
	weblogolib version: 3.5.0
	PyPDF2 version: 2.11.0

2022-10-05 23:45:20,239 - INFO - Parsed the following arguments:
	alignment = ./alignments/HMBS_alignment_protidentity_ge_0.75.fasta
	tree = ./phydms_results//HMBS/HMBS_identity-ge-0.75_RAxML_tree.newick
	model = YNGKP_M5
	outprefix = ./phydms_results//HMBS/HMBS_identity-ge-0.75_YNGKP_M5
	brlen = optimize
	gammaomega = False
	gammabeta = False
	omegabysite = False
	omegabysite_fixsyn = False
	diffprefsbysite = False
	diffprefsprior = ('invquadratic', 150.0, 0.5)
	fitphi = False
	randprefs = False
	avgprefs = False
	divpressure = None
	ncpus = 1
	fitprefsmethod = 2
	ncats = 4
	minbrlen = 1e-06
	minpref = 0.002
	seed = 1
	initparams = None
	profile = False
	opt_details = False
	nograd = False

2022-10-05 23:45:20,239 - INFO - Random number seed: 1

2022-10-05 23:45:20,239 - INFO - Reading alignment from ./alignments/HMBS_alignment_protidentity_ge_0.75.fasta
2022-10-05 23:45:20,732 - INFO - Read 80 aligned sequences from ./alignments/HMBS_alignment_protidentity_ge_0.75.fasta, each consisting of 342 codons.

2022-10-05 23:45:20,733 - INFO - Codon substitution model with be M5 version (Yang, Nielsen, Goldman, & Pederson. Genetics. 155:431-449).
2022-10-05 23:45:20,759 - INFO - For this YNGKP_M5 model, omega will be drawn from 4 gamma-distributed categories.
2022-10-05 23:45:20,774 - INFO - Reading tree from ./phydms_results//HMBS/HMBS_identity-ge-0.75_RAxML_tree.newick
2022-10-05 23:45:20,781 - INFO - Tree has 80 tips.
2022-10-05 23:45:20,820 - INFO - Adjusted 1 branch lengths up to minbrlen 1e-06

2022-10-05 23:45:20,821 - INFO - Initializing TreeLikelihood..
2022-10-05 23:45:20,914 - WARNING - /home/jupyter/.local/lib/python3.7/site-packages/phydmslib/treelikelihood.py:303: VisibleDeprecationWarning: Creating an ndarray from ragged nested sequences (which is a list-or-tuple of lists-or-tuples-or ndarrays with different lengths or shapes) is deprecated. If you meant to do this, you must specify 'dtype=object' when creating the ndarray.
  self.gaps = numpy.array(self.gaps)

2022-10-05 23:45:47,128 - INFO - TreeLikelihood initialized.
2022-10-05 23:45:47,128 - INFO - Maximizing log likelihood (initially -20229.37).
2022-10-05 23:45:47,129 - INFO - Branch lengths will be optimized individually.
2022-10-06 00:44:14,500 - INFO - Maximization complete:
	Step 1: optimized parameters, loglik went from -20229.37 to -17971.45 (18 iterations, 24 function evals)
	Step 2: optimized branches, loglik went from -17971.45 to -17967.93 (50 iterations, 55 function evals)
	Step 3: optimized parameters, loglik went from -17967.93 to -17967.88 (6 iterations, 9 function evals)
	Step 4: optimized branches, loglik went from -17967.88 to -17967.88 (1 iterations, 4 function evals)
2022-10-06 00:44:14,515 - INFO - Optimized log likelihood is -17967.88.
2022-10-06 00:44:14,515 - INFO - Writing log likelihood to ./phydms_results//HMBS/HMBS_identity-ge-0.75_YNGKP_M5_loglikelihood.txt
2022-10-06 00:44:14,515 - INFO - Model parameters after optimization:
	alpha_omega = 0.607656
	beta_omega = 4.2232
	kappa = 3.24588
	phi0A = 0.265041
	phi0C = 0.262202
	phi0G = 0.353017
	phi1A = 0.310786
	phi1C = 0.198376
	phi1G = 0.191225
	phi2A = 0.171069
	phi2C = 0.272444
	phi2G = 0.333889
2022-10-06 00:44:14,515 - INFO - Writing model parameters to ./phydms_results//HMBS/HMBS_identity-ge-0.75_YNGKP_M5_modelparams.txt
2022-10-06 00:44:14,516 - INFO - Writing the optimized tree to ./phydms_results//HMBS/HMBS_identity-ge-0.75_YNGKP_M5_tree.newick

2022-10-06 00:44:14,519 - INFO - Successful completion of phydms
