2022-10-05 23:45:19,105 - INFO - Beginning execution of phydms in directory /home/jupyter/dms/hmbs_phydms_final

2022-10-05 23:45:19,105 - INFO - Progress is being logged to ./phydms_results//HMBS/HMBS_identity-ge-0.75_YNGKP_M0_log.log

2022-10-05 23:45:19,105 - INFO - Version information:
	Time and date: Wed Oct  5 23:45:18 2022
	Platform: Linux-4.19.0-22-cloud-amd64-x86_64-with-debian-10.13
	Python version: 3.7.12 | packaged by conda-forge | (default, Oct 26 2021, 06:08:53)  [GCC 9.4.0]
	phydms version: 2.4.1
	Bio version: 1.79
	cython version: 0.29.32
	numpy version: 1.21.6
	scipy version: 1.7.3
	matplotlib version: 3.5.3
	natsort version: 8.2.0
	sympy version: 1.10.1
	six version: 1.16.0
	pandas version: 1.3.5
	pyvolve version: 1.1.0
	statsmodels version: 0.13.2
	weblogolib version: 3.5.0
	PyPDF2 version: 2.11.0

2022-10-05 23:45:19,105 - INFO - Parsed the following arguments:
	alignment = ./alignments/HMBS_alignment_protidentity_ge_0.75.fasta
	tree = ./phydms_results//HMBS/HMBS_identity-ge-0.75_RAxML_tree.newick
	model = YNGKP_M0
	outprefix = ./phydms_results//HMBS/HMBS_identity-ge-0.75_YNGKP_M0
	brlen = optimize
	gammaomega = False
	gammabeta = False
	omegabysite = False
	omegabysite_fixsyn = False
	diffprefsbysite = False
	diffprefsprior = ('invquadratic', 150.0, 0.5)
	fitphi = False
	randprefs = False
	avgprefs = False
	divpressure = None
	ncpus = 1
	fitprefsmethod = 2
	ncats = 4
	minbrlen = 1e-06
	minpref = 0.002
	seed = 1
	initparams = None
	profile = False
	opt_details = False
	nograd = False

2022-10-05 23:45:19,105 - INFO - Random number seed: 1

2022-10-05 23:45:19,105 - INFO - Reading alignment from ./alignments/HMBS_alignment_protidentity_ge_0.75.fasta
2022-10-05 23:45:19,585 - INFO - Read 80 aligned sequences from ./alignments/HMBS_alignment_protidentity_ge_0.75.fasta, each consisting of 342 codons.

2022-10-05 23:45:19,585 - INFO - Codon substitution model with be M0 version (Yang, Nielsen, Goldman, & Pederson. Genetics. 155:431-449).
2022-10-05 23:45:19,610 - INFO - Reading tree from ./phydms_results//HMBS/HMBS_identity-ge-0.75_RAxML_tree.newick
2022-10-05 23:45:19,614 - INFO - Tree has 80 tips.
2022-10-05 23:45:19,641 - INFO - Adjusted 1 branch lengths up to minbrlen 1e-06

2022-10-05 23:45:19,641 - INFO - Initializing TreeLikelihood..
2022-10-05 23:45:19,702 - WARNING - /home/jupyter/.local/lib/python3.7/site-packages/phydmslib/treelikelihood.py:303: VisibleDeprecationWarning: Creating an ndarray from ragged nested sequences (which is a list-or-tuple of lists-or-tuples-or ndarrays with different lengths or shapes) is deprecated. If you meant to do this, you must specify 'dtype=object' when creating the ndarray.
  self.gaps = numpy.array(self.gaps)

2022-10-05 23:45:22,668 - INFO - TreeLikelihood initialized.
2022-10-05 23:45:22,668 - INFO - Maximizing log likelihood (initially -20549.02).
2022-10-05 23:45:22,668 - INFO - Branch lengths will be optimized individually.
2022-10-05 23:57:00,556 - INFO - Maximization complete:
	Step 1: optimized parameters, loglik went from -20549.02 to -18301.54 (15 iterations, 24 function evals)
	Step 2: optimized branches, loglik went from -18301.54 to -18299.28 (36 iterations, 41 function evals)
	Step 3: optimized parameters, loglik went from -18299.28 to -18299.25 (2 iterations, 5 function evals)
	Step 4: optimized branches, loglik went from -18299.25 to -18299.25 (1 iterations, 4 function evals)
2022-10-05 23:57:00,556 - INFO - Optimized log likelihood is -18299.25.
2022-10-05 23:57:00,557 - INFO - Writing log likelihood to ./phydms_results//HMBS/HMBS_identity-ge-0.75_YNGKP_M0_loglikelihood.txt
2022-10-05 23:57:00,557 - INFO - Model parameters after optimization:
	kappa = 3.19207
	omega = 0.120692
	phi0A = 0.265041
	phi0C = 0.262202
	phi0G = 0.353017
	phi1A = 0.310786
	phi1C = 0.198376
	phi1G = 0.191225
	phi2A = 0.171069
	phi2C = 0.272444
	phi2G = 0.333889
2022-10-05 23:57:00,557 - INFO - Writing model parameters to ./phydms_results//HMBS/HMBS_identity-ge-0.75_YNGKP_M0_modelparams.txt
2022-10-05 23:57:00,557 - INFO - Writing the optimized tree to ./phydms_results//HMBS/HMBS_identity-ge-0.75_YNGKP_M0_tree.newick

2022-10-05 23:57:00,561 - INFO - Successful completion of phydms
