2022-10-05 23:32:03,232 - INFO - Beginning execution of phydms in directory /home/jupyter/dms/hmbs_phydms_final

2022-10-05 23:32:03,247 - INFO - Progress is being logged to ./phydms_results//HMBS/HMBS_identity-ge-0.85_randomized_ExpCM_HMBS_max-scores-at-1_new_prefs_log.log

2022-10-05 23:32:03,247 - INFO - Version information:
	Time and date: Wed Oct  5 23:32:02 2022
	Platform: Linux-4.19.0-22-cloud-amd64-x86_64-with-debian-10.13
	Python version: 3.7.12 | packaged by conda-forge | (default, Oct 26 2021, 06:08:53)  [GCC 9.4.0]
	phydms version: 2.4.1
	Bio version: 1.79
	cython version: 0.29.32
	numpy version: 1.21.6
	scipy version: 1.7.3
	matplotlib version: 3.5.3
	natsort version: 8.2.0
	sympy version: 1.10.1
	six version: 1.16.0
	pandas version: 1.3.5
	pyvolve version: 1.1.0
	statsmodels version: 0.13.2
	weblogolib version: 3.5.0
	PyPDF2 version: 2.11.0

2022-10-05 23:32:03,247 - INFO - Parsed the following arguments:
	alignment = ./alignments/HMBS_alignment_protidentity_ge_0.85.fasta
	tree = ./phydms_results//HMBS/HMBS_identity-ge-0.85_RAxML_tree.newick
	model = ('ExpCM', './prefs/HMBS_max-scores-at-1_new_prefs.csv')
	outprefix = ./phydms_results//HMBS/HMBS_identity-ge-0.85_randomized_ExpCM_HMBS_max-scores-at-1_new_prefs
	brlen = optimize
	gammaomega = False
	gammabeta = False
	omegabysite = False
	omegabysite_fixsyn = False
	diffprefsbysite = False
	diffprefsprior = ('invquadratic', 150.0, 0.5)
	fitphi = False
	randprefs = True
	avgprefs = False
	divpressure = None
	ncpus = 1
	fitprefsmethod = 2
	ncats = 4
	minbrlen = 1e-06
	minpref = 0.002
	seed = 1
	initparams = None
	profile = False
	opt_details = False
	nograd = False

2022-10-05 23:32:03,247 - INFO - Random number seed: 1

2022-10-05 23:32:03,247 - INFO - Reading alignment from ./alignments/HMBS_alignment_protidentity_ge_0.85.fasta
2022-10-05 23:32:04,030 - INFO - Read 60 aligned sequences from ./alignments/HMBS_alignment_protidentity_ge_0.85.fasta, each consisting of 342 codons.

2022-10-05 23:32:04,030 - INFO - The model will be an ExpCM informed by site-specific amino-acid preferences in ./prefs/HMBS_max-scores-at-1_new_prefs.csv
2022-10-05 23:32:04,031 - INFO - Preferences will be randomized across sites.
2022-10-05 23:32:04,880 - INFO - Successfully read site-specific amino-acid preferences for all 342 sites.

2022-10-05 23:32:04,882 - INFO - Nucleotide frequency parameters phi will be set so stationary state matches alignment nucleotide frequencies of A = 0.243, C = 0.252, G = 0.296, T = 0.209

2022-10-05 23:32:10,853 - INFO - Reading tree from ./phydms_results//HMBS/HMBS_identity-ge-0.85_RAxML_tree.newick
2022-10-05 23:32:10,856 - INFO - Tree has 60 tips.
2022-10-05 23:32:10,879 - INFO - Adjusted 1 branch lengths up to minbrlen 1e-06

2022-10-05 23:32:10,879 - INFO - Initializing TreeLikelihood..
2022-10-05 23:32:10,994 - WARNING - /home/jupyter/.local/lib/python3.7/site-packages/phydmslib/treelikelihood.py:303: VisibleDeprecationWarning: Creating an ndarray from ragged nested sequences (which is a list-or-tuple of lists-or-tuples-or ndarrays with different lengths or shapes) is deprecated. If you meant to do this, you must specify 'dtype=object' when creating the ndarray.
  self.gaps = numpy.array(self.gaps)

2022-10-05 23:32:30,312 - INFO - TreeLikelihood initialized.
2022-10-05 23:32:30,313 - INFO - Maximizing log likelihood (initially -13151.84).
2022-10-05 23:32:30,313 - INFO - Branch lengths will be optimized individually.
2022-10-05 23:44:34,496 - INFO - Maximization complete:
	Step 1: optimized parameters, loglik went from -13151.84 to -11509.23 (21 iterations, 32 function evals)
	Step 2: optimized branches, loglik went from -11509.23 to -11506.62 (26 iterations, 33 function evals)
	Step 3: optimized parameters, loglik went from -11506.62 to -11506.62 (1 iterations, 4 function evals)
2022-10-05 23:44:34,496 - INFO - Optimized log likelihood is -11506.62.
2022-10-05 23:44:34,496 - INFO - Writing log likelihood to ./phydms_results//HMBS/HMBS_identity-ge-0.85_randomized_ExpCM_HMBS_max-scores-at-1_new_prefs_loglikelihood.txt
2022-10-05 23:44:34,496 - INFO - Model parameters after optimization:
	beta = 0.0296989
	kappa = 3.64805
	omega = 0.110863
	phiA = 0.252112
	phiC = 0.240665
	phiG = 0.292735
2022-10-05 23:44:34,496 - INFO - Writing model parameters to ./phydms_results//HMBS/HMBS_identity-ge-0.85_randomized_ExpCM_HMBS_max-scores-at-1_new_prefs_modelparams.txt
2022-10-05 23:44:34,497 - INFO - Writing the optimized tree to ./phydms_results//HMBS/HMBS_identity-ge-0.85_randomized_ExpCM_HMBS_max-scores-at-1_new_prefs_tree.newick

2022-10-05 23:44:34,498 - INFO - Successful completion of phydms
