2022-10-05 23:08:38,389 - INFO - Beginning execution of phydms_comprehensive in directory /home/jupyter/dms/hmbs_phydms_final

2022-10-05 23:08:38,389 - INFO - Progress is being logged to ./phydms_results//HMBS/HMBS_identity-ge-0.85.log

2022-10-05 23:08:38,389 - INFO - Version information:
	Time and date: Wed Oct  5 23:08:37 2022
	Platform: Linux-4.19.0-22-cloud-amd64-x86_64-with-debian-10.13
	Python version: 3.7.12 | packaged by conda-forge | (default, Oct 26 2021, 06:08:53)  [GCC 9.4.0]
	phydms version: 2.4.1
	Bio version: 1.79
	cython version: 0.29.32
	numpy version: 1.21.6
	scipy version: 1.7.3
	matplotlib version: 3.5.3
	natsort version: 8.2.0
	sympy version: 1.10.1
	six version: 1.16.0
	pandas version: 1.3.5
	pyvolve version: 1.1.0
	statsmodels version: 0.13.2
	weblogolib version: 3.5.0
	PyPDF2 version: 2.11.0

2022-10-05 23:08:38,389 - INFO - Parsed the following command-line arguments:
	outprefix = ./phydms_results//HMBS/HMBS_identity-ge-0.85_
	alignment = ./alignments/HMBS_alignment_protidentity_ge_0.85.fasta
	prefsfiles = ['./prefs/HMBS_penalize-scores-gt1_new_prefs.csv', './prefs/HMBS_untransformed_new_prefs.csv', './prefs/HMBS_max-scores-at-1_new_prefs.csv']
	raxml = /home/jupyter/install/standard-RAxML-master/raxmlHPC
	tree = None
	ncpus = -1
	brlen = optimize
	omegabysite = False
	diffprefsbysite = False
	gammaomega = False
	gammabeta = False
	noavgprefs = False
	randprefs = True

2022-10-05 23:08:38,390 - INFO - Checking that the alignment ./alignments/HMBS_alignment_protidentity_ge_0.85.fasta is valid...
2022-10-05 23:08:38,753 - INFO - Valid alignment specifying 60 sequences of length 1026.

2022-10-05 23:08:38,753 - INFO - Tree not specified.
2022-10-05 23:08:38,753 - INFO - Inferring tree with RAxML using command /home/jupyter/install/standard-RAxML-master/raxmlHPC
2022-10-05 23:08:58,036 - INFO - RAxML inferred tree is now named ./phydms_results//HMBS/HMBS_identity-ge-0.85_RAxML_tree.newick
2022-10-05 23:08:58,037 - INFO - Removed the following existing files that have names that match the names of output files that will be created: ./phydms_results//HMBS/HMBS_identity-ge-0.85_YNGKP_M0_log.log, ./phydms_results//HMBS/HMBS_identity-ge-0.85_YNGKP_M5_log.log, ./phydms_results//HMBS/HMBS_identity-ge-0.85_ExpCM_HMBS_penalize-scores-gt1_new_prefs_log.log, ./phydms_results//HMBS/HMBS_identity-ge-0.85_averaged_ExpCM_HMBS_penalize-scores-gt1_new_prefs_log.log, ./phydms_results//HMBS/HMBS_identity-ge-0.85_randomized_ExpCM_HMBS_penalize-scores-gt1_new_prefs_log.log, ./phydms_results//HMBS/HMBS_identity-ge-0.85_ExpCM_HMBS_untransformed_new_prefs_log.log, ./phydms_results//HMBS/HMBS_identity-ge-0.85_averaged_ExpCM_HMBS_untransformed_new_prefs_log.log, ./phydms_results//HMBS/HMBS_identity-ge-0.85_randomized_ExpCM_HMBS_untransformed_new_prefs_log.log

2022-10-05 23:08:58,037 - INFO - Starting analysis to optimize tree in ./phydms_results//HMBS/HMBS_identity-ge-0.85_RAxML_tree.newick using model YNGKP_M0. The command is: phydms ./alignments/HMBS_alignment_protidentity_ge_0.85.fasta ./phydms_results//HMBS/HMBS_identity-ge-0.85_RAxML_tree.newick YNGKP_M0 ./phydms_results//HMBS/HMBS_identity-ge-0.85_YNGKP_M0 --brlen optimize --ncpus 1

2022-10-05 23:08:58,037 - INFO - Starting analysis to optimize tree in ./phydms_results//HMBS/HMBS_identity-ge-0.85_RAxML_tree.newick using model YNGKP_M5. The command is: phydms ./alignments/HMBS_alignment_protidentity_ge_0.85.fasta ./phydms_results//HMBS/HMBS_identity-ge-0.85_RAxML_tree.newick YNGKP_M5 ./phydms_results//HMBS/HMBS_identity-ge-0.85_YNGKP_M5 --brlen optimize --ncpus 1

2022-10-05 23:08:58,037 - INFO - Starting analysis to optimize tree in ./phydms_results//HMBS/HMBS_identity-ge-0.85_RAxML_tree.newick using model ExpCM_HMBS_penalize-scores-gt1_new_prefs. The command is: phydms ./alignments/HMBS_alignment_protidentity_ge_0.85.fasta ./phydms_results//HMBS/HMBS_identity-ge-0.85_RAxML_tree.newick ExpCM_./prefs/HMBS_penalize-scores-gt1_new_prefs.csv ./phydms_results//HMBS/HMBS_identity-ge-0.85_ExpCM_HMBS_penalize-scores-gt1_new_prefs --brlen optimize --ncpus 1

2022-10-05 23:08:58,037 - INFO - Starting analysis to optimize tree in ./phydms_results//HMBS/HMBS_identity-ge-0.85_RAxML_tree.newick using model averaged_ExpCM_HMBS_penalize-scores-gt1_new_prefs. The command is: phydms ./alignments/HMBS_alignment_protidentity_ge_0.85.fasta ./phydms_results//HMBS/HMBS_identity-ge-0.85_RAxML_tree.newick ExpCM_./prefs/HMBS_penalize-scores-gt1_new_prefs.csv ./phydms_results//HMBS/HMBS_identity-ge-0.85_averaged_ExpCM_HMBS_penalize-scores-gt1_new_prefs --brlen optimize --avgprefs --ncpus 1

2022-10-05 23:08:58,037 - INFO - Starting analysis to optimize tree in ./phydms_results//HMBS/HMBS_identity-ge-0.85_RAxML_tree.newick using model randomized_ExpCM_HMBS_penalize-scores-gt1_new_prefs. The command is: phydms ./alignments/HMBS_alignment_protidentity_ge_0.85.fasta ./phydms_results//HMBS/HMBS_identity-ge-0.85_RAxML_tree.newick ExpCM_./prefs/HMBS_penalize-scores-gt1_new_prefs.csv ./phydms_results//HMBS/HMBS_identity-ge-0.85_randomized_ExpCM_HMBS_penalize-scores-gt1_new_prefs --brlen optimize --randprefs --ncpus 1

2022-10-05 23:08:58,038 - INFO - Starting analysis to optimize tree in ./phydms_results//HMBS/HMBS_identity-ge-0.85_RAxML_tree.newick using model ExpCM_HMBS_untransformed_new_prefs. The command is: phydms ./alignments/HMBS_alignment_protidentity_ge_0.85.fasta ./phydms_results//HMBS/HMBS_identity-ge-0.85_RAxML_tree.newick ExpCM_./prefs/HMBS_untransformed_new_prefs.csv ./phydms_results//HMBS/HMBS_identity-ge-0.85_ExpCM_HMBS_untransformed_new_prefs --brlen optimize --ncpus 1

2022-10-05 23:08:58,038 - INFO - Starting analysis to optimize tree in ./phydms_results//HMBS/HMBS_identity-ge-0.85_RAxML_tree.newick using model averaged_ExpCM_HMBS_untransformed_new_prefs. The command is: phydms ./alignments/HMBS_alignment_protidentity_ge_0.85.fasta ./phydms_results//HMBS/HMBS_identity-ge-0.85_RAxML_tree.newick ExpCM_./prefs/HMBS_untransformed_new_prefs.csv ./phydms_results//HMBS/HMBS_identity-ge-0.85_averaged_ExpCM_HMBS_untransformed_new_prefs --brlen optimize --avgprefs --ncpus 1

2022-10-05 23:08:58,038 - INFO - Starting analysis to optimize tree in ./phydms_results//HMBS/HMBS_identity-ge-0.85_RAxML_tree.newick using model randomized_ExpCM_HMBS_untransformed_new_prefs. The command is: phydms ./alignments/HMBS_alignment_protidentity_ge_0.85.fasta ./phydms_results//HMBS/HMBS_identity-ge-0.85_RAxML_tree.newick ExpCM_./prefs/HMBS_untransformed_new_prefs.csv ./phydms_results//HMBS/HMBS_identity-ge-0.85_randomized_ExpCM_HMBS_untransformed_new_prefs --brlen optimize --randprefs --ncpus 1

2022-10-05 23:08:58,038 - INFO - Starting analysis to optimize tree in ./phydms_results//HMBS/HMBS_identity-ge-0.85_RAxML_tree.newick using model ExpCM_HMBS_max-scores-at-1_new_prefs. The command is: phydms ./alignments/HMBS_alignment_protidentity_ge_0.85.fasta ./phydms_results//HMBS/HMBS_identity-ge-0.85_RAxML_tree.newick ExpCM_./prefs/HMBS_max-scores-at-1_new_prefs.csv ./phydms_results//HMBS/HMBS_identity-ge-0.85_ExpCM_HMBS_max-scores-at-1_new_prefs --brlen optimize --ncpus 1

2022-10-05 23:08:58,038 - INFO - Starting analysis to optimize tree in ./phydms_results//HMBS/HMBS_identity-ge-0.85_RAxML_tree.newick using model averaged_ExpCM_HMBS_max-scores-at-1_new_prefs. The command is: phydms ./alignments/HMBS_alignment_protidentity_ge_0.85.fasta ./phydms_results//HMBS/HMBS_identity-ge-0.85_RAxML_tree.newick ExpCM_./prefs/HMBS_max-scores-at-1_new_prefs.csv ./phydms_results//HMBS/HMBS_identity-ge-0.85_averaged_ExpCM_HMBS_max-scores-at-1_new_prefs --brlen optimize --avgprefs --ncpus 1

2022-10-05 23:08:58,038 - INFO - Starting analysis to optimize tree in ./phydms_results//HMBS/HMBS_identity-ge-0.85_RAxML_tree.newick using model randomized_ExpCM_HMBS_max-scores-at-1_new_prefs. The command is: phydms ./alignments/HMBS_alignment_protidentity_ge_0.85.fasta ./phydms_results//HMBS/HMBS_identity-ge-0.85_RAxML_tree.newick ExpCM_./prefs/HMBS_max-scores-at-1_new_prefs.csv ./phydms_results//HMBS/HMBS_identity-ge-0.85_randomized_ExpCM_HMBS_max-scores-at-1_new_prefs --brlen optimize --randprefs --ncpus 1

2022-10-05 23:14:19,434 - INFO - Analysis completed for YNGKP_M0
2022-10-05 23:14:19,435 - INFO - Found expected output file ./phydms_results//HMBS/HMBS_identity-ge-0.85_YNGKP_M0_log.log
2022-10-05 23:14:19,435 - INFO - Found expected output file ./phydms_results//HMBS/HMBS_identity-ge-0.85_YNGKP_M0_tree.newick
2022-10-05 23:14:19,435 - INFO - Found expected output file ./phydms_results//HMBS/HMBS_identity-ge-0.85_YNGKP_M0_loglikelihood.txt
2022-10-05 23:14:19,435 - INFO - Found expected output file ./phydms_results//HMBS/HMBS_identity-ge-0.85_YNGKP_M0_modelparams.txt
2022-10-05 23:14:19,435 - INFO - Analysis successful for YNGKP_M0

2022-10-05 23:29:09,355 - INFO - Analysis completed for YNGKP_M5
2022-10-05 23:29:09,356 - INFO - Found expected output file ./phydms_results//HMBS/HMBS_identity-ge-0.85_YNGKP_M5_log.log
2022-10-05 23:29:09,357 - INFO - Found expected output file ./phydms_results//HMBS/HMBS_identity-ge-0.85_YNGKP_M5_tree.newick
2022-10-05 23:29:09,357 - INFO - Found expected output file ./phydms_results//HMBS/HMBS_identity-ge-0.85_YNGKP_M5_loglikelihood.txt
2022-10-05 23:29:09,357 - INFO - Found expected output file ./phydms_results//HMBS/HMBS_identity-ge-0.85_YNGKP_M5_modelparams.txt
2022-10-05 23:29:09,357 - INFO - Analysis successful for YNGKP_M5

2022-10-05 23:31:59,537 - INFO - Analysis completed for ExpCM_HMBS_untransformed_new_prefs
2022-10-05 23:31:59,539 - INFO - Found expected output file ./phydms_results//HMBS/HMBS_identity-ge-0.85_ExpCM_HMBS_untransformed_new_prefs_log.log
2022-10-05 23:31:59,539 - INFO - Found expected output file ./phydms_results//HMBS/HMBS_identity-ge-0.85_ExpCM_HMBS_untransformed_new_prefs_tree.newick
2022-10-05 23:31:59,539 - INFO - Found expected output file ./phydms_results//HMBS/HMBS_identity-ge-0.85_ExpCM_HMBS_untransformed_new_prefs_loglikelihood.txt
2022-10-05 23:31:59,539 - INFO - Found expected output file ./phydms_results//HMBS/HMBS_identity-ge-0.85_ExpCM_HMBS_untransformed_new_prefs_modelparams.txt
2022-10-05 23:31:59,540 - INFO - Analysis successful for ExpCM_HMBS_untransformed_new_prefs

2022-10-05 23:32:13,562 - INFO - Analysis completed for averaged_ExpCM_HMBS_untransformed_new_prefs
2022-10-05 23:32:13,563 - INFO - Found expected output file ./phydms_results//HMBS/HMBS_identity-ge-0.85_averaged_ExpCM_HMBS_untransformed_new_prefs_log.log
2022-10-05 23:32:13,563 - INFO - Found expected output file ./phydms_results//HMBS/HMBS_identity-ge-0.85_averaged_ExpCM_HMBS_untransformed_new_prefs_tree.newick
2022-10-05 23:32:13,563 - INFO - Found expected output file ./phydms_results//HMBS/HMBS_identity-ge-0.85_averaged_ExpCM_HMBS_untransformed_new_prefs_loglikelihood.txt
2022-10-05 23:32:13,563 - INFO - Found expected output file ./phydms_results//HMBS/HMBS_identity-ge-0.85_averaged_ExpCM_HMBS_untransformed_new_prefs_modelparams.txt
2022-10-05 23:32:13,564 - INFO - Analysis successful for averaged_ExpCM_HMBS_untransformed_new_prefs

2022-10-05 23:33:12,629 - INFO - Analysis completed for ExpCM_HMBS_penalize-scores-gt1_new_prefs
2022-10-05 23:33:12,630 - INFO - Found expected output file ./phydms_results//HMBS/HMBS_identity-ge-0.85_ExpCM_HMBS_penalize-scores-gt1_new_prefs_log.log
2022-10-05 23:33:12,630 - INFO - Found expected output file ./phydms_results//HMBS/HMBS_identity-ge-0.85_ExpCM_HMBS_penalize-scores-gt1_new_prefs_tree.newick
2022-10-05 23:33:12,630 - INFO - Found expected output file ./phydms_results//HMBS/HMBS_identity-ge-0.85_ExpCM_HMBS_penalize-scores-gt1_new_prefs_loglikelihood.txt
2022-10-05 23:33:12,630 - INFO - Found expected output file ./phydms_results//HMBS/HMBS_identity-ge-0.85_ExpCM_HMBS_penalize-scores-gt1_new_prefs_modelparams.txt
2022-10-05 23:33:12,630 - INFO - Analysis successful for ExpCM_HMBS_penalize-scores-gt1_new_prefs

2022-10-05 23:34:37,724 - INFO - Analysis completed for averaged_ExpCM_HMBS_penalize-scores-gt1_new_prefs
2022-10-05 23:34:37,724 - INFO - Found expected output file ./phydms_results//HMBS/HMBS_identity-ge-0.85_averaged_ExpCM_HMBS_penalize-scores-gt1_new_prefs_log.log
2022-10-05 23:34:37,725 - INFO - Found expected output file ./phydms_results//HMBS/HMBS_identity-ge-0.85_averaged_ExpCM_HMBS_penalize-scores-gt1_new_prefs_tree.newick
2022-10-05 23:34:37,725 - INFO - Found expected output file ./phydms_results//HMBS/HMBS_identity-ge-0.85_averaged_ExpCM_HMBS_penalize-scores-gt1_new_prefs_loglikelihood.txt
2022-10-05 23:34:37,725 - INFO - Found expected output file ./phydms_results//HMBS/HMBS_identity-ge-0.85_averaged_ExpCM_HMBS_penalize-scores-gt1_new_prefs_modelparams.txt
2022-10-05 23:34:37,725 - INFO - Analysis successful for averaged_ExpCM_HMBS_penalize-scores-gt1_new_prefs

2022-10-05 23:34:53,743 - INFO - Analysis completed for randomized_ExpCM_HMBS_untransformed_new_prefs
2022-10-05 23:34:53,744 - INFO - Found expected output file ./phydms_results//HMBS/HMBS_identity-ge-0.85_randomized_ExpCM_HMBS_untransformed_new_prefs_log.log
2022-10-05 23:34:53,744 - INFO - Found expected output file ./phydms_results//HMBS/HMBS_identity-ge-0.85_randomized_ExpCM_HMBS_untransformed_new_prefs_tree.newick
2022-10-05 23:34:53,744 - INFO - Found expected output file ./phydms_results//HMBS/HMBS_identity-ge-0.85_randomized_ExpCM_HMBS_untransformed_new_prefs_loglikelihood.txt
2022-10-05 23:34:53,744 - INFO - Found expected output file ./phydms_results//HMBS/HMBS_identity-ge-0.85_randomized_ExpCM_HMBS_untransformed_new_prefs_modelparams.txt
2022-10-05 23:34:53,744 - INFO - Analysis successful for randomized_ExpCM_HMBS_untransformed_new_prefs

2022-10-05 23:35:31,788 - INFO - Analysis completed for randomized_ExpCM_HMBS_penalize-scores-gt1_new_prefs
2022-10-05 23:35:31,789 - INFO - Found expected output file ./phydms_results//HMBS/HMBS_identity-ge-0.85_randomized_ExpCM_HMBS_penalize-scores-gt1_new_prefs_log.log
2022-10-05 23:35:31,789 - INFO - Found expected output file ./phydms_results//HMBS/HMBS_identity-ge-0.85_randomized_ExpCM_HMBS_penalize-scores-gt1_new_prefs_tree.newick
2022-10-05 23:35:31,789 - INFO - Found expected output file ./phydms_results//HMBS/HMBS_identity-ge-0.85_randomized_ExpCM_HMBS_penalize-scores-gt1_new_prefs_loglikelihood.txt
2022-10-05 23:35:31,789 - INFO - Found expected output file ./phydms_results//HMBS/HMBS_identity-ge-0.85_randomized_ExpCM_HMBS_penalize-scores-gt1_new_prefs_modelparams.txt
2022-10-05 23:35:31,789 - INFO - Analysis successful for randomized_ExpCM_HMBS_penalize-scores-gt1_new_prefs

2022-10-05 23:36:06,831 - INFO - Analysis completed for ExpCM_HMBS_max-scores-at-1_new_prefs
2022-10-05 23:36:06,832 - INFO - Found expected output file ./phydms_results//HMBS/HMBS_identity-ge-0.85_ExpCM_HMBS_max-scores-at-1_new_prefs_log.log
2022-10-05 23:36:06,832 - INFO - Found expected output file ./phydms_results//HMBS/HMBS_identity-ge-0.85_ExpCM_HMBS_max-scores-at-1_new_prefs_tree.newick
2022-10-05 23:36:06,832 - INFO - Found expected output file ./phydms_results//HMBS/HMBS_identity-ge-0.85_ExpCM_HMBS_max-scores-at-1_new_prefs_loglikelihood.txt
2022-10-05 23:36:06,832 - INFO - Found expected output file ./phydms_results//HMBS/HMBS_identity-ge-0.85_ExpCM_HMBS_max-scores-at-1_new_prefs_modelparams.txt
2022-10-05 23:36:06,832 - INFO - Analysis successful for ExpCM_HMBS_max-scores-at-1_new_prefs

2022-10-05 23:43:05,322 - INFO - Analysis completed for averaged_ExpCM_HMBS_max-scores-at-1_new_prefs
2022-10-05 23:43:05,322 - INFO - Found expected output file ./phydms_results//HMBS/HMBS_identity-ge-0.85_averaged_ExpCM_HMBS_max-scores-at-1_new_prefs_log.log
2022-10-05 23:43:05,323 - INFO - Found expected output file ./phydms_results//HMBS/HMBS_identity-ge-0.85_averaged_ExpCM_HMBS_max-scores-at-1_new_prefs_tree.newick
2022-10-05 23:43:05,323 - INFO - Found expected output file ./phydms_results//HMBS/HMBS_identity-ge-0.85_averaged_ExpCM_HMBS_max-scores-at-1_new_prefs_loglikelihood.txt
2022-10-05 23:43:05,323 - INFO - Found expected output file ./phydms_results//HMBS/HMBS_identity-ge-0.85_averaged_ExpCM_HMBS_max-scores-at-1_new_prefs_modelparams.txt
2022-10-05 23:43:05,323 - INFO - Analysis successful for averaged_ExpCM_HMBS_max-scores-at-1_new_prefs

2022-10-05 23:44:35,431 - INFO - Analysis completed for randomized_ExpCM_HMBS_max-scores-at-1_new_prefs
2022-10-05 23:44:35,432 - INFO - Found expected output file ./phydms_results//HMBS/HMBS_identity-ge-0.85_randomized_ExpCM_HMBS_max-scores-at-1_new_prefs_log.log
2022-10-05 23:44:35,432 - INFO - Found expected output file ./phydms_results//HMBS/HMBS_identity-ge-0.85_randomized_ExpCM_HMBS_max-scores-at-1_new_prefs_tree.newick
2022-10-05 23:44:35,432 - INFO - Found expected output file ./phydms_results//HMBS/HMBS_identity-ge-0.85_randomized_ExpCM_HMBS_max-scores-at-1_new_prefs_loglikelihood.txt
2022-10-05 23:44:35,432 - INFO - Found expected output file ./phydms_results//HMBS/HMBS_identity-ge-0.85_randomized_ExpCM_HMBS_max-scores-at-1_new_prefs_modelparams.txt
2022-10-05 23:44:35,432 - INFO - Analysis successful for randomized_ExpCM_HMBS_max-scores-at-1_new_prefs

2022-10-05 23:44:36,435 - INFO - Successful completion of phydms_comprehensive
