2022-10-05 23:44:38,371 - INFO - Beginning execution of phydms_comprehensive in directory /home/jupyter/dms/hmbs_phydms_final

2022-10-05 23:44:38,372 - INFO - Progress is being logged to ./phydms_results//HMBS/HMBS_identity-ge-0.75.log

2022-10-05 23:44:38,372 - INFO - Version information:
	Time and date: Wed Oct  5 23:44:37 2022
	Platform: Linux-4.19.0-22-cloud-amd64-x86_64-with-debian-10.13
	Python version: 3.7.12 | packaged by conda-forge | (default, Oct 26 2021, 06:08:53)  [GCC 9.4.0]
	phydms version: 2.4.1
	Bio version: 1.79
	cython version: 0.29.32
	numpy version: 1.21.6
	scipy version: 1.7.3
	matplotlib version: 3.5.3
	natsort version: 8.2.0
	sympy version: 1.10.1
	six version: 1.16.0
	pandas version: 1.3.5
	pyvolve version: 1.1.0
	statsmodels version: 0.13.2
	weblogolib version: 3.5.0
	PyPDF2 version: 2.11.0

2022-10-05 23:44:38,372 - INFO - Parsed the following command-line arguments:
	outprefix = ./phydms_results//HMBS/HMBS_identity-ge-0.75_
	alignment = ./alignments/HMBS_alignment_protidentity_ge_0.75.fasta
	prefsfiles = ['./prefs/HMBS_penalize-scores-gt1_new_prefs.csv', './prefs/HMBS_untransformed_new_prefs.csv', './prefs/HMBS_max-scores-at-1_new_prefs.csv']
	raxml = /home/jupyter/install/standard-RAxML-master/raxmlHPC
	tree = None
	ncpus = -1
	brlen = optimize
	omegabysite = False
	diffprefsbysite = False
	gammaomega = False
	gammabeta = False
	noavgprefs = False
	randprefs = True

2022-10-05 23:44:38,372 - INFO - Checking that the alignment ./alignments/HMBS_alignment_protidentity_ge_0.75.fasta is valid...
2022-10-05 23:44:38,856 - INFO - Valid alignment specifying 80 sequences of length 1026.

2022-10-05 23:44:38,856 - INFO - Tree not specified.
2022-10-05 23:44:38,856 - INFO - Inferring tree with RAxML using command /home/jupyter/install/standard-RAxML-master/raxmlHPC
2022-10-05 23:45:17,660 - INFO - RAxML inferred tree is now named ./phydms_results//HMBS/HMBS_identity-ge-0.75_RAxML_tree.newick
2022-10-05 23:45:17,663 - INFO - Removed the following existing files that have names that match the names of output files that will be created: ./phydms_results//HMBS/HMBS_identity-ge-0.75_modelcomparison.md, ./phydms_results//HMBS/HMBS_identity-ge-0.75_YNGKP_M0_log.log, ./phydms_results//HMBS/HMBS_identity-ge-0.75_YNGKP_M0_tree.newick, ./phydms_results//HMBS/HMBS_identity-ge-0.75_YNGKP_M0_loglikelihood.txt, ./phydms_results//HMBS/HMBS_identity-ge-0.75_YNGKP_M0_modelparams.txt, ./phydms_results//HMBS/HMBS_identity-ge-0.75_YNGKP_M5_log.log, ./phydms_results//HMBS/HMBS_identity-ge-0.75_YNGKP_M5_tree.newick, ./phydms_results//HMBS/HMBS_identity-ge-0.75_YNGKP_M5_loglikelihood.txt, ./phydms_results//HMBS/HMBS_identity-ge-0.75_YNGKP_M5_modelparams.txt, ./phydms_results//HMBS/HMBS_identity-ge-0.75_ExpCM_HMBS_penalize-scores-gt1_new_prefs_log.log, ./phydms_results//HMBS/HMBS_identity-ge-0.75_ExpCM_HMBS_penalize-scores-gt1_new_prefs_tree.newick, ./phydms_results//HMBS/HMBS_identity-ge-0.75_ExpCM_HMBS_penalize-scores-gt1_new_prefs_loglikelihood.txt, ./phydms_results//HMBS/HMBS_identity-ge-0.75_ExpCM_HMBS_penalize-scores-gt1_new_prefs_modelparams.txt, ./phydms_results//HMBS/HMBS_identity-ge-0.75_averaged_ExpCM_HMBS_penalize-scores-gt1_new_prefs_log.log, ./phydms_results//HMBS/HMBS_identity-ge-0.75_averaged_ExpCM_HMBS_penalize-scores-gt1_new_prefs_tree.newick, ./phydms_results//HMBS/HMBS_identity-ge-0.75_averaged_ExpCM_HMBS_penalize-scores-gt1_new_prefs_loglikelihood.txt, ./phydms_results//HMBS/HMBS_identity-ge-0.75_averaged_ExpCM_HMBS_penalize-scores-gt1_new_prefs_modelparams.txt, ./phydms_results//HMBS/HMBS_identity-ge-0.75_randomized_ExpCM_HMBS_penalize-scores-gt1_new_prefs_log.log, ./phydms_results//HMBS/HMBS_identity-ge-0.75_randomized_ExpCM_HMBS_penalize-scores-gt1_new_prefs_tree.newick, ./phydms_results//HMBS/HMBS_identity-ge-0.75_randomized_ExpCM_HMBS_penalize-scores-gt1_new_prefs_loglikelihood.txt, ./phydms_results//HMBS/HMBS_identity-ge-0.75_randomized_ExpCM_HMBS_penalize-scores-gt1_new_prefs_modelparams.txt, ./phydms_results//HMBS/HMBS_identity-ge-0.75_ExpCM_HMBS_untransformed_new_prefs_log.log, ./phydms_results//HMBS/HMBS_identity-ge-0.75_ExpCM_HMBS_untransformed_new_prefs_tree.newick, ./phydms_results//HMBS/HMBS_identity-ge-0.75_ExpCM_HMBS_untransformed_new_prefs_loglikelihood.txt, ./phydms_results//HMBS/HMBS_identity-ge-0.75_ExpCM_HMBS_untransformed_new_prefs_modelparams.txt, ./phydms_results//HMBS/HMBS_identity-ge-0.75_averaged_ExpCM_HMBS_untransformed_new_prefs_log.log, ./phydms_results//HMBS/HMBS_identity-ge-0.75_averaged_ExpCM_HMBS_untransformed_new_prefs_tree.newick, ./phydms_results//HMBS/HMBS_identity-ge-0.75_averaged_ExpCM_HMBS_untransformed_new_prefs_loglikelihood.txt, ./phydms_results//HMBS/HMBS_identity-ge-0.75_averaged_ExpCM_HMBS_untransformed_new_prefs_modelparams.txt, ./phydms_results//HMBS/HMBS_identity-ge-0.75_randomized_ExpCM_HMBS_untransformed_new_prefs_log.log, ./phydms_results//HMBS/HMBS_identity-ge-0.75_randomized_ExpCM_HMBS_untransformed_new_prefs_tree.newick, ./phydms_results//HMBS/HMBS_identity-ge-0.75_randomized_ExpCM_HMBS_untransformed_new_prefs_loglikelihood.txt, ./phydms_results//HMBS/HMBS_identity-ge-0.75_randomized_ExpCM_HMBS_untransformed_new_prefs_modelparams.txt, ./phydms_results//HMBS/HMBS_identity-ge-0.75_ExpCM_HMBS_max-scores-at-1_new_prefs_log.log, ./phydms_results//HMBS/HMBS_identity-ge-0.75_ExpCM_HMBS_max-scores-at-1_new_prefs_tree.newick, ./phydms_results//HMBS/HMBS_identity-ge-0.75_ExpCM_HMBS_max-scores-at-1_new_prefs_loglikelihood.txt, ./phydms_results//HMBS/HMBS_identity-ge-0.75_ExpCM_HMBS_max-scores-at-1_new_prefs_modelparams.txt, ./phydms_results//HMBS/HMBS_identity-ge-0.75_averaged_ExpCM_HMBS_max-scores-at-1_new_prefs_log.log, ./phydms_results//HMBS/HMBS_identity-ge-0.75_averaged_ExpCM_HMBS_max-scores-at-1_new_prefs_tree.newick, ./phydms_results//HMBS/HMBS_identity-ge-0.75_averaged_ExpCM_HMBS_max-scores-at-1_new_prefs_loglikelihood.txt, ./phydms_results//HMBS/HMBS_identity-ge-0.75_averaged_ExpCM_HMBS_max-scores-at-1_new_prefs_modelparams.txt, ./phydms_results//HMBS/HMBS_identity-ge-0.75_randomized_ExpCM_HMBS_max-scores-at-1_new_prefs_log.log, ./phydms_results//HMBS/HMBS_identity-ge-0.75_randomized_ExpCM_HMBS_max-scores-at-1_new_prefs_tree.newick, ./phydms_results//HMBS/HMBS_identity-ge-0.75_randomized_ExpCM_HMBS_max-scores-at-1_new_prefs_loglikelihood.txt, ./phydms_results//HMBS/HMBS_identity-ge-0.75_randomized_ExpCM_HMBS_max-scores-at-1_new_prefs_modelparams.txt

2022-10-05 23:45:17,663 - INFO - Starting analysis to optimize tree in ./phydms_results//HMBS/HMBS_identity-ge-0.75_RAxML_tree.newick using model YNGKP_M0. The command is: phydms ./alignments/HMBS_alignment_protidentity_ge_0.75.fasta ./phydms_results//HMBS/HMBS_identity-ge-0.75_RAxML_tree.newick YNGKP_M0 ./phydms_results//HMBS/HMBS_identity-ge-0.75_YNGKP_M0 --brlen optimize --ncpus 1

2022-10-05 23:45:17,663 - INFO - Starting analysis to optimize tree in ./phydms_results//HMBS/HMBS_identity-ge-0.75_RAxML_tree.newick using model YNGKP_M5. The command is: phydms ./alignments/HMBS_alignment_protidentity_ge_0.75.fasta ./phydms_results//HMBS/HMBS_identity-ge-0.75_RAxML_tree.newick YNGKP_M5 ./phydms_results//HMBS/HMBS_identity-ge-0.75_YNGKP_M5 --brlen optimize --ncpus 1

2022-10-05 23:45:17,663 - INFO - Starting analysis to optimize tree in ./phydms_results//HMBS/HMBS_identity-ge-0.75_RAxML_tree.newick using model ExpCM_HMBS_penalize-scores-gt1_new_prefs. The command is: phydms ./alignments/HMBS_alignment_protidentity_ge_0.75.fasta ./phydms_results//HMBS/HMBS_identity-ge-0.75_RAxML_tree.newick ExpCM_./prefs/HMBS_penalize-scores-gt1_new_prefs.csv ./phydms_results//HMBS/HMBS_identity-ge-0.75_ExpCM_HMBS_penalize-scores-gt1_new_prefs --brlen optimize --ncpus 1

2022-10-05 23:45:17,663 - INFO - Starting analysis to optimize tree in ./phydms_results//HMBS/HMBS_identity-ge-0.75_RAxML_tree.newick using model averaged_ExpCM_HMBS_penalize-scores-gt1_new_prefs. The command is: phydms ./alignments/HMBS_alignment_protidentity_ge_0.75.fasta ./phydms_results//HMBS/HMBS_identity-ge-0.75_RAxML_tree.newick ExpCM_./prefs/HMBS_penalize-scores-gt1_new_prefs.csv ./phydms_results//HMBS/HMBS_identity-ge-0.75_averaged_ExpCM_HMBS_penalize-scores-gt1_new_prefs --brlen optimize --avgprefs --ncpus 1

2022-10-05 23:45:17,664 - INFO - Starting analysis to optimize tree in ./phydms_results//HMBS/HMBS_identity-ge-0.75_RAxML_tree.newick using model randomized_ExpCM_HMBS_penalize-scores-gt1_new_prefs. The command is: phydms ./alignments/HMBS_alignment_protidentity_ge_0.75.fasta ./phydms_results//HMBS/HMBS_identity-ge-0.75_RAxML_tree.newick ExpCM_./prefs/HMBS_penalize-scores-gt1_new_prefs.csv ./phydms_results//HMBS/HMBS_identity-ge-0.75_randomized_ExpCM_HMBS_penalize-scores-gt1_new_prefs --brlen optimize --randprefs --ncpus 1

2022-10-05 23:45:17,664 - INFO - Starting analysis to optimize tree in ./phydms_results//HMBS/HMBS_identity-ge-0.75_RAxML_tree.newick using model ExpCM_HMBS_untransformed_new_prefs. The command is: phydms ./alignments/HMBS_alignment_protidentity_ge_0.75.fasta ./phydms_results//HMBS/HMBS_identity-ge-0.75_RAxML_tree.newick ExpCM_./prefs/HMBS_untransformed_new_prefs.csv ./phydms_results//HMBS/HMBS_identity-ge-0.75_ExpCM_HMBS_untransformed_new_prefs --brlen optimize --ncpus 1

2022-10-05 23:45:17,664 - INFO - Starting analysis to optimize tree in ./phydms_results//HMBS/HMBS_identity-ge-0.75_RAxML_tree.newick using model averaged_ExpCM_HMBS_untransformed_new_prefs. The command is: phydms ./alignments/HMBS_alignment_protidentity_ge_0.75.fasta ./phydms_results//HMBS/HMBS_identity-ge-0.75_RAxML_tree.newick ExpCM_./prefs/HMBS_untransformed_new_prefs.csv ./phydms_results//HMBS/HMBS_identity-ge-0.75_averaged_ExpCM_HMBS_untransformed_new_prefs --brlen optimize --avgprefs --ncpus 1

2022-10-05 23:45:17,664 - INFO - Starting analysis to optimize tree in ./phydms_results//HMBS/HMBS_identity-ge-0.75_RAxML_tree.newick using model randomized_ExpCM_HMBS_untransformed_new_prefs. The command is: phydms ./alignments/HMBS_alignment_protidentity_ge_0.75.fasta ./phydms_results//HMBS/HMBS_identity-ge-0.75_RAxML_tree.newick ExpCM_./prefs/HMBS_untransformed_new_prefs.csv ./phydms_results//HMBS/HMBS_identity-ge-0.75_randomized_ExpCM_HMBS_untransformed_new_prefs --brlen optimize --randprefs --ncpus 1

2022-10-05 23:45:17,664 - INFO - Starting analysis to optimize tree in ./phydms_results//HMBS/HMBS_identity-ge-0.75_RAxML_tree.newick using model ExpCM_HMBS_max-scores-at-1_new_prefs. The command is: phydms ./alignments/HMBS_alignment_protidentity_ge_0.75.fasta ./phydms_results//HMBS/HMBS_identity-ge-0.75_RAxML_tree.newick ExpCM_./prefs/HMBS_max-scores-at-1_new_prefs.csv ./phydms_results//HMBS/HMBS_identity-ge-0.75_ExpCM_HMBS_max-scores-at-1_new_prefs --brlen optimize --ncpus 1

2022-10-05 23:45:17,664 - INFO - Starting analysis to optimize tree in ./phydms_results//HMBS/HMBS_identity-ge-0.75_RAxML_tree.newick using model averaged_ExpCM_HMBS_max-scores-at-1_new_prefs. The command is: phydms ./alignments/HMBS_alignment_protidentity_ge_0.75.fasta ./phydms_results//HMBS/HMBS_identity-ge-0.75_RAxML_tree.newick ExpCM_./prefs/HMBS_max-scores-at-1_new_prefs.csv ./phydms_results//HMBS/HMBS_identity-ge-0.75_averaged_ExpCM_HMBS_max-scores-at-1_new_prefs --brlen optimize --avgprefs --ncpus 1

2022-10-05 23:45:17,664 - INFO - Starting analysis to optimize tree in ./phydms_results//HMBS/HMBS_identity-ge-0.75_RAxML_tree.newick using model randomized_ExpCM_HMBS_max-scores-at-1_new_prefs. The command is: phydms ./alignments/HMBS_alignment_protidentity_ge_0.75.fasta ./phydms_results//HMBS/HMBS_identity-ge-0.75_RAxML_tree.newick ExpCM_./prefs/HMBS_max-scores-at-1_new_prefs.csv ./phydms_results//HMBS/HMBS_identity-ge-0.75_randomized_ExpCM_HMBS_max-scores-at-1_new_prefs --brlen optimize --randprefs --ncpus 1

2022-10-05 23:57:01,434 - INFO - Analysis completed for YNGKP_M0
2022-10-05 23:57:01,435 - INFO - Found expected output file ./phydms_results//HMBS/HMBS_identity-ge-0.75_YNGKP_M0_log.log
2022-10-05 23:57:01,435 - INFO - Found expected output file ./phydms_results//HMBS/HMBS_identity-ge-0.75_YNGKP_M0_tree.newick
2022-10-05 23:57:01,435 - INFO - Found expected output file ./phydms_results//HMBS/HMBS_identity-ge-0.75_YNGKP_M0_loglikelihood.txt
2022-10-05 23:57:01,435 - INFO - Found expected output file ./phydms_results//HMBS/HMBS_identity-ge-0.75_YNGKP_M0_modelparams.txt
2022-10-05 23:57:01,435 - INFO - Analysis successful for YNGKP_M0

2022-10-06 00:17:19,836 - INFO - Analysis completed for ExpCM_HMBS_penalize-scores-gt1_new_prefs
2022-10-06 00:17:19,901 - INFO - Found expected output file ./phydms_results//HMBS/HMBS_identity-ge-0.75_ExpCM_HMBS_penalize-scores-gt1_new_prefs_log.log
2022-10-06 00:17:19,901 - ERROR - Terminating phydms_comprehensive at Thu Oct  6 00:17:19 2022 with ERROR
Traceback (most recent call last):
  File "/usr/local/bin/phydms_comprehensive", line 351, in main
    "file {0}.".format(fname))
RuntimeError: phydms failed to created expected output file ./phydms_results//HMBS/HMBS_identity-ge-0.75_ExpCM_HMBS_penalize-scores-gt1_new_prefs_tree.newick.
