2022-10-05 23:09:02,858 - INFO - Beginning execution of phydms in directory /home/jupyter/dms/hmbs_phydms_final

2022-10-05 23:09:02,858 - INFO - Progress is being logged to ./phydms_results//HMBS/HMBS_identity-ge-0.85_averaged_ExpCM_HMBS_penalize-scores-gt1_new_prefs_log.log

2022-10-05 23:09:02,858 - INFO - Version information:
	Time and date: Wed Oct  5 23:09:02 2022
	Platform: Linux-4.19.0-22-cloud-amd64-x86_64-with-debian-10.13
	Python version: 3.7.12 | packaged by conda-forge | (default, Oct 26 2021, 06:08:53)  [GCC 9.4.0]
	phydms version: 2.4.1
	Bio version: 1.79
	cython version: 0.29.32
	numpy version: 1.21.6
	scipy version: 1.7.3
	matplotlib version: 3.5.3
	natsort version: 8.2.0
	sympy version: 1.10.1
	six version: 1.16.0
	pandas version: 1.3.5
	pyvolve version: 1.1.0
	statsmodels version: 0.13.2
	weblogolib version: 3.5.0
	PyPDF2 version: 2.11.0

2022-10-05 23:09:02,858 - INFO - Parsed the following arguments:
	alignment = ./alignments/HMBS_alignment_protidentity_ge_0.85.fasta
	tree = ./phydms_results//HMBS/HMBS_identity-ge-0.85_RAxML_tree.newick
	model = ('ExpCM', './prefs/HMBS_penalize-scores-gt1_new_prefs.csv')
	outprefix = ./phydms_results//HMBS/HMBS_identity-ge-0.85_averaged_ExpCM_HMBS_penalize-scores-gt1_new_prefs
	brlen = optimize
	gammaomega = False
	gammabeta = False
	omegabysite = False
	omegabysite_fixsyn = False
	diffprefsbysite = False
	diffprefsprior = ('invquadratic', 150.0, 0.5)
	fitphi = False
	randprefs = False
	avgprefs = True
	divpressure = None
	ncpus = 1
	fitprefsmethod = 2
	ncats = 4
	minbrlen = 1e-06
	minpref = 0.002
	seed = 1
	initparams = None
	profile = False
	opt_details = False
	nograd = False

2022-10-05 23:09:02,858 - INFO - Random number seed: 1

2022-10-05 23:09:02,858 - INFO - Reading alignment from ./alignments/HMBS_alignment_protidentity_ge_0.85.fasta
2022-10-05 23:09:04,080 - INFO - Read 60 aligned sequences from ./alignments/HMBS_alignment_protidentity_ge_0.85.fasta, each consisting of 342 codons.

2022-10-05 23:09:04,090 - INFO - The model will be an ExpCM informed by site-specific amino-acid preferences in ./prefs/HMBS_penalize-scores-gt1_new_prefs.csv
2022-10-05 23:09:04,091 - INFO - Preferences will be averaged across sites.
2022-10-05 23:09:05,954 - INFO - Successfully read site-specific amino-acid preferences for all 342 sites.

2022-10-05 23:09:05,955 - INFO - Nucleotide frequency parameters phi will be set so stationary state matches alignment nucleotide frequencies of A = 0.243, C = 0.252, G = 0.296, T = 0.209

2022-10-05 23:09:14,825 - INFO - Reading tree from ./phydms_results//HMBS/HMBS_identity-ge-0.85_RAxML_tree.newick
2022-10-05 23:09:14,830 - INFO - Tree has 60 tips.
2022-10-05 23:09:14,876 - INFO - Adjusted 1 branch lengths up to minbrlen 1e-06

2022-10-05 23:09:14,897 - INFO - Initializing TreeLikelihood..
2022-10-05 23:09:15,228 - WARNING - /home/jupyter/.local/lib/python3.7/site-packages/phydmslib/treelikelihood.py:303: VisibleDeprecationWarning: Creating an ndarray from ragged nested sequences (which is a list-or-tuple of lists-or-tuples-or ndarrays with different lengths or shapes) is deprecated. If you meant to do this, you must specify 'dtype=object' when creating the ndarray.
  self.gaps = numpy.array(self.gaps)

2022-10-05 23:09:41,805 - INFO - TreeLikelihood initialized.
2022-10-05 23:09:41,805 - INFO - Maximizing log likelihood (initially -12947.21).
2022-10-05 23:09:41,805 - INFO - Branch lengths will be optimized individually.
2022-10-05 23:34:36,296 - INFO - Maximization complete:
	Step 1: optimized parameters, loglik went from -12947.21 to -11508.98 (21 iterations, 30 function evals)
	Step 2: optimized branches, loglik went from -11508.98 to -11506.34 (27 iterations, 35 function evals)
	Step 3: optimized parameters, loglik went from -11506.34 to -11506.34 (1 iterations, 4 function evals)
2022-10-05 23:34:36,306 - INFO - Optimized log likelihood is -11506.34.
2022-10-05 23:34:36,306 - INFO - Writing log likelihood to ./phydms_results//HMBS/HMBS_identity-ge-0.85_averaged_ExpCM_HMBS_penalize-scores-gt1_new_prefs_loglikelihood.txt
2022-10-05 23:34:36,307 - INFO - Model parameters after optimization:
	beta = 0.234726
	kappa = 3.64263
	omega = 0.110963
	phiA = 0.255792
	phiC = 0.242041
	phiG = 0.289101
2022-10-05 23:34:36,308 - INFO - Writing model parameters to ./phydms_results//HMBS/HMBS_identity-ge-0.85_averaged_ExpCM_HMBS_penalize-scores-gt1_new_prefs_modelparams.txt
2022-10-05 23:34:36,308 - INFO - Writing the optimized tree to ./phydms_results//HMBS/HMBS_identity-ge-0.85_averaged_ExpCM_HMBS_penalize-scores-gt1_new_prefs_tree.newick

2022-10-05 23:34:36,312 - INFO - Successful completion of phydms
