2022-10-06 00:33:06,517 - INFO - Beginning execution of phydms in directory /home/jupyter/dms/hmbs_phydms_final

2022-10-06 00:33:06,517 - INFO - Progress is being logged to ./phydms_results//SUMO1/SUMO1_identity-ge-0.75_YNGKP_M5_log.log

2022-10-06 00:33:06,517 - INFO - Version information:
	Time and date: Thu Oct  6 00:33:05 2022
	Platform: Linux-4.19.0-22-cloud-amd64-x86_64-with-debian-10.13
	Python version: 3.7.12 | packaged by conda-forge | (default, Oct 26 2021, 06:08:53)  [GCC 9.4.0]
	phydms version: 2.4.1
	Bio version: 1.79
	cython version: 0.29.32
	numpy version: 1.21.6
	scipy version: 1.7.3
	matplotlib version: 3.5.3
	natsort version: 8.2.0
	sympy version: 1.10.1
	six version: 1.16.0
	pandas version: 1.3.5
	pyvolve version: 1.1.0
	statsmodels version: 0.13.2
	weblogolib version: 3.5.0
	PyPDF2 version: 2.11.0

2022-10-06 00:33:06,517 - INFO - Parsed the following arguments:
	alignment = ./alignments/SUMO1_alignment_protidentity_ge_0.75.fasta
	tree = ./phydms_results//SUMO1/SUMO1_identity-ge-0.75_RAxML_tree.newick
	model = YNGKP_M5
	outprefix = ./phydms_results//SUMO1/SUMO1_identity-ge-0.75_YNGKP_M5
	brlen = optimize
	gammaomega = False
	gammabeta = False
	omegabysite = False
	omegabysite_fixsyn = False
	diffprefsbysite = False
	diffprefsprior = ('invquadratic', 150.0, 0.5)
	fitphi = False
	randprefs = False
	avgprefs = False
	divpressure = None
	ncpus = 1
	fitprefsmethod = 2
	ncats = 4
	minbrlen = 1e-06
	minpref = 0.002
	seed = 1
	initparams = None
	profile = False
	opt_details = False
	nograd = False

2022-10-06 00:33:06,517 - INFO - Random number seed: 1

2022-10-06 00:33:06,517 - INFO - Reading alignment from ./alignments/SUMO1_alignment_protidentity_ge_0.75.fasta
2022-10-06 00:33:06,704 - INFO - Read 61 aligned sequences from ./alignments/SUMO1_alignment_protidentity_ge_0.75.fasta, each consisting of 96 codons.

2022-10-06 00:33:06,705 - INFO - Codon substitution model with be M5 version (Yang, Nielsen, Goldman, & Pederson. Genetics. 155:431-449).
2022-10-06 00:33:06,736 - INFO - For this YNGKP_M5 model, omega will be drawn from 4 gamma-distributed categories.
2022-10-06 00:33:06,756 - INFO - Reading tree from ./phydms_results//SUMO1/SUMO1_identity-ge-0.75_RAxML_tree.newick
2022-10-06 00:33:06,759 - INFO - Tree has 61 tips.
2022-10-06 00:33:06,783 - INFO - Adjusted 1 branch lengths up to minbrlen 1e-06

2022-10-06 00:33:06,783 - INFO - Initializing TreeLikelihood..
2022-10-06 00:33:06,860 - WARNING - /home/jupyter/.local/lib/python3.7/site-packages/phydmslib/treelikelihood.py:303: VisibleDeprecationWarning: Creating an ndarray from ragged nested sequences (which is a list-or-tuple of lists-or-tuples-or ndarrays with different lengths or shapes) is deprecated. If you meant to do this, you must specify 'dtype=object' when creating the ndarray.
  self.gaps = numpy.array(self.gaps)

2022-10-06 00:33:13,121 - INFO - TreeLikelihood initialized.
2022-10-06 00:33:13,121 - INFO - Maximizing log likelihood (initially -6574.85).
2022-10-06 00:33:13,121 - INFO - Branch lengths will be optimized individually.
2022-10-06 00:43:57,802 - INFO - Maximization complete:
	Step 1: optimized parameters, loglik went from -6574.85 to -5769.04 (16 iterations, 23 function evals)
	Step 2: optimized branches, loglik went from -5769.04 to -5760.61 (44 iterations, 47 function evals)
	Step 3: optimized parameters, loglik went from -5760.61 to -5760.58 (3 iterations, 6 function evals)
	Step 4: optimized branches, loglik went from -5760.58 to -5760.58 (2 iterations, 5 function evals)
2022-10-06 00:43:57,803 - INFO - Optimized log likelihood is -5760.58.
2022-10-06 00:43:57,803 - INFO - Writing log likelihood to ./phydms_results//SUMO1/SUMO1_identity-ge-0.75_YNGKP_M5_loglikelihood.txt
2022-10-06 00:43:57,803 - INFO - Model parameters after optimization:
	alpha_omega = 0.465475
	beta_omega = 4.01389
	kappa = 1.18951
	phi0A = 0.320582
	phi0C = 0.183352
	phi0G = 0.323667
	phi1A = 0.483219
	phi1C = 0.139666
	phi1G = 0.154787
	phi2A = 0.29889
	phi2C = 0.195857
	phi2G = 0.306311
2022-10-06 00:43:57,803 - INFO - Writing model parameters to ./phydms_results//SUMO1/SUMO1_identity-ge-0.75_YNGKP_M5_modelparams.txt
2022-10-06 00:43:57,803 - INFO - Writing the optimized tree to ./phydms_results//SUMO1/SUMO1_identity-ge-0.75_YNGKP_M5_tree.newick

2022-10-06 00:43:57,805 - INFO - Successful completion of phydms
