2022-10-06 00:28:49,763 - INFO - Beginning execution of phydms in directory /home/jupyter/dms/hmbs_phydms_final

2022-10-06 00:28:49,765 - INFO - Progress is being logged to ./phydms_results//SUMO1/SUMO1_identity-ge-0.85_averaged_ExpCM_SUMO1_max-scores-at-1_new_prefs_log.log

2022-10-06 00:28:49,766 - INFO - Version information:
	Time and date: Thu Oct  6 00:28:45 2022
	Platform: Linux-4.19.0-22-cloud-amd64-x86_64-with-debian-10.13
	Python version: 3.7.12 | packaged by conda-forge | (default, Oct 26 2021, 06:08:53)  [GCC 9.4.0]
	phydms version: 2.4.1
	Bio version: 1.79
	cython version: 0.29.32
	numpy version: 1.21.6
	scipy version: 1.7.3
	matplotlib version: 3.5.3
	natsort version: 8.2.0
	sympy version: 1.10.1
	six version: 1.16.0
	pandas version: 1.3.5
	pyvolve version: 1.1.0
	statsmodels version: 0.13.2
	weblogolib version: 3.5.0
	PyPDF2 version: 2.11.0

2022-10-06 00:28:49,766 - INFO - Parsed the following arguments:
	alignment = ./alignments/SUMO1_alignment_protidentity_ge_0.85.fasta
	tree = ./phydms_results//SUMO1/SUMO1_identity-ge-0.85_RAxML_tree.newick
	model = ('ExpCM', './prefs/SUMO1_max-scores-at-1_new_prefs.csv')
	outprefix = ./phydms_results//SUMO1/SUMO1_identity-ge-0.85_averaged_ExpCM_SUMO1_max-scores-at-1_new_prefs
	brlen = optimize
	gammaomega = False
	gammabeta = False
	omegabysite = False
	omegabysite_fixsyn = False
	diffprefsbysite = False
	diffprefsprior = ('invquadratic', 150.0, 0.5)
	fitphi = False
	randprefs = False
	avgprefs = True
	divpressure = None
	ncpus = 1
	fitprefsmethod = 2
	ncats = 4
	minbrlen = 1e-06
	minpref = 0.002
	seed = 1
	initparams = None
	profile = False
	opt_details = False
	nograd = False

2022-10-06 00:28:49,766 - INFO - Random number seed: 1

2022-10-06 00:28:49,767 - INFO - Reading alignment from ./alignments/SUMO1_alignment_protidentity_ge_0.85.fasta
2022-10-06 00:28:50,248 - INFO - Read 38 aligned sequences from ./alignments/SUMO1_alignment_protidentity_ge_0.85.fasta, each consisting of 96 codons.

2022-10-06 00:28:50,249 - INFO - The model will be an ExpCM informed by site-specific amino-acid preferences in ./prefs/SUMO1_max-scores-at-1_new_prefs.csv
2022-10-06 00:28:50,249 - INFO - Preferences will be averaged across sites.
2022-10-06 00:28:50,869 - INFO - Successfully read site-specific amino-acid preferences for all 96 sites.

2022-10-06 00:28:50,882 - INFO - Nucleotide frequency parameters phi will be set so stationary state matches alignment nucleotide frequencies of A = 0.361, C = 0.181, G = 0.267, T = 0.192

2022-10-06 00:28:53,500 - INFO - Reading tree from ./phydms_results//SUMO1/SUMO1_identity-ge-0.85_RAxML_tree.newick
2022-10-06 00:28:53,517 - INFO - Tree has 38 tips.
2022-10-06 00:28:53,546 - INFO - Adjusted 1 branch lengths up to minbrlen 1e-06

2022-10-06 00:28:53,562 - INFO - Initializing TreeLikelihood..
2022-10-06 00:28:53,645 - WARNING - /home/jupyter/.local/lib/python3.7/site-packages/phydmslib/treelikelihood.py:303: VisibleDeprecationWarning: Creating an ndarray from ragged nested sequences (which is a list-or-tuple of lists-or-tuples-or ndarrays with different lengths or shapes) is deprecated. If you meant to do this, you must specify 'dtype=object' when creating the ndarray.
  self.gaps = numpy.array(self.gaps)

2022-10-06 00:29:04,456 - INFO - TreeLikelihood initialized.
2022-10-06 00:29:04,456 - INFO - Maximizing log likelihood (initially -3728.51).
2022-10-06 00:29:04,457 - INFO - Branch lengths will be optimized individually.
2022-10-06 00:32:44,657 - INFO - Maximization complete:
	Step 1: optimized parameters, loglik went from -3728.51 to -3228.46 (27 iterations, 35 function evals)
	Step 2: optimized branches, loglik went from -3228.46 to -3225.29 (29 iterations, 33 function evals)
	Step 3: optimized parameters, loglik went from -3225.29 to -3225.28 (6 iterations, 11 function evals)
2022-10-06 00:32:44,657 - INFO - Optimized log likelihood is -3225.28.
2022-10-06 00:32:44,657 - INFO - Writing log likelihood to ./phydms_results//SUMO1/SUMO1_identity-ge-0.85_averaged_ExpCM_SUMO1_max-scores-at-1_new_prefs_loglikelihood.txt
2022-10-06 00:32:44,657 - INFO - Model parameters after optimization:
	beta = 1.1e-05
	kappa = 2.07571
	omega = 0.0552172
	phiA = 0.36802
	phiC = 0.169216
	phiG = 0.26189
2022-10-06 00:32:44,657 - INFO - Writing model parameters to ./phydms_results//SUMO1/SUMO1_identity-ge-0.85_averaged_ExpCM_SUMO1_max-scores-at-1_new_prefs_modelparams.txt
2022-10-06 00:32:44,658 - INFO - Writing the optimized tree to ./phydms_results//SUMO1/SUMO1_identity-ge-0.85_averaged_ExpCM_SUMO1_max-scores-at-1_new_prefs_tree.newick

2022-10-06 00:32:44,659 - INFO - Successful completion of phydms
